2025-06-07 12:20:38,064 - postflop_decision_logic - DEBUG - Pot commitment check: committed_amount=0, bet_to_call=0.0, total_commitment_if_call=0.0, my_stack=0.75, pot_commitment_ratio=0.00%, commitment_threshold=45.00%, is_pot_committed=False
2025-06-07 12:20:38,065 - postflop_decision_logic - DEBUG - Opponent analysis: 0 opponents tracked, table type: unknown, estimated_range: unknown
2025-06-07 12:20:38,065 - postflop_decision_logic - DEBUG - SPR analysis: spr=7.50, strategy=standard, drawing_potential=False
2025-06-07 12:20:38,065 - postflop_decision_logic - DEBUG - Option to check is available.
2025-06-07 12:20:38,066 - postflop_decision_logic - INFO - Multiway adjustment (medium): 5 opponents, factor: 0.40, original: 0.03, adjusted: 0.01
2025-06-07 12:20:38,066 - postflop_decision_logic - INFO - Decision: BET (medium hand, thin value when checked to). Amount: 0.01
2025-06-07 12:21:20,447 - postflop_decision_logic - DEBUG - Pot commitment check: committed_amount=0, bet_to_call=0.0, total_commitment_if_call=0.0, my_stack=0.79, pot_commitment_ratio=0.00%, commitment_threshold=45.00%, is_pot_committed=False
2025-06-07 12:21:20,447 - postflop_decision_logic - DEBUG - Opponent analysis: 0 opponents tracked, table type: unknown, estimated_range: unknown
2025-06-07 12:21:20,448 - postflop_decision_logic - DEBUG - SPR analysis: spr=6.58, strategy=standard, drawing_potential=False
2025-06-07 12:21:20,448 - postflop_decision_logic - DEBUG - Option to check is available.
2025-06-07 12:21:20,448 - postflop_decision_logic - INFO - Multiway adjustment (medium): 5 opponents, factor: 0.40, original: 0.04, adjusted: 0.02
2025-06-07 12:21:20,448 - postflop_decision_logic - INFO - Decision: BET (medium hand, thin value when checked to). Amount: 0.02
2025-06-07 12:21:42,920 - postflop_decision_logic - DEBUG - Pot commitment check: committed_amount=0, bet_to_call=0.06, total_commitment_if_call=0.06, my_stack=0.77, pot_commitment_ratio=7.23%, commitment_threshold=45.00%, is_pot_committed=False
2025-06-07 12:21:42,921 - postflop_decision_logic - DEBUG - Opponent analysis: 0 opponents tracked, table type: unknown, estimated_range: unknown
2025-06-07 12:21:42,921 - postflop_decision_logic - DEBUG - SPR analysis: spr=3.50, strategy=standard, drawing_potential=False
2025-06-07 12:21:42,921 - postflop_decision_logic - DEBUG - Facing a bet. bet_to_call: 0.06, pot_size: 0.22, my_stack: 0.77, max_bet_on_table: 0.08
2025-06-07 12:21:42,921 - postflop_decision_logic - DEBUG - Hand is_medium. win_probability: 0.6192, pot_odds: 0.21428571428571425
2025-06-07 12:21:42,921 - postflop_decision_logic - INFO - Decision: CALL (medium hand, good odds and bet size). Amount to call: 0.06
2025-06-07 12:21:51,992 - postflop_decision_logic - DEBUG - Pot commitment check: committed_amount=0, bet_to_call=0.0, total_commitment_if_call=0.0, my_stack=0.71, pot_commitment_ratio=0.00%, commitment_threshold=45.00%, is_pot_committed=False
2025-06-07 12:21:51,993 - postflop_decision_logic - DEBUG - Opponent analysis: 0 opponents tracked, table type: unknown, estimated_range: unknown
2025-06-07 12:21:51,994 - postflop_decision_logic - DEBUG - SPR analysis: spr=2.54, strategy=standard, drawing_potential=False
2025-06-07 12:21:51,995 - postflop_decision_logic - DEBUG - Option to check is available.
2025-06-07 12:21:51,995 - postflop_decision_logic - INFO - Multiway adjustment (medium): 5 opponents, factor: 0.40, original: 0.10, adjusted: 0.04
2025-06-07 12:21:51,996 - postflop_decision_logic - INFO - Decision: BET (medium hand, thin value when checked to). Amount: 0.04
2025-06-07 12:22:03,717 - postflop_decision_logic - DEBUG - Pot commitment check: committed_amount=0, bet_to_call=0.0, total_commitment_if_call=0.0, my_stack=0.67, pot_commitment_ratio=0.00%, commitment_threshold=45.00%, is_pot_committed=False
2025-06-07 12:22:03,717 - postflop_decision_logic - DEBUG - Opponent analysis: 0 opponents tracked, table type: unknown, estimated_range: unknown
2025-06-07 12:22:03,717 - postflop_decision_logic - DEBUG - SPR analysis: spr=1.86, strategy=commit, drawing_potential=False
2025-06-07 12:22:03,718 - postflop_decision_logic - DEBUG - Option to check is available.
2025-06-07 12:22:03,718 - postflop_decision_logic - INFO - Decision: CHECK (medium hand, no value bet/bluff).
2025-06-07 12:22:25,522 - postflop_decision_logic - DEBUG - Pot commitment check: committed_amount=0, bet_to_call=0.0, total_commitment_if_call=0.0, my_stack=0.62, pot_commitment_ratio=0.00%, commitment_threshold=45.00%, is_pot_committed=False
2025-06-07 12:22:25,522 - postflop_decision_logic - DEBUG - Opponent analysis: 0 opponents tracked, table type: unknown, estimated_range: unknown
2025-06-07 12:22:25,522 - postflop_decision_logic - DEBUG - SPR analysis: spr=6.20, strategy=standard, drawing_potential=True
2025-06-07 12:22:25,523 - postflop_decision_logic - DEBUG - Option to check is available.
2025-06-07 12:22:25,523 - postflop_decision_logic - INFO - Decision: CHECK (medium hand, no value bet/bluff).
2025-06-07 12:22:34,568 - postflop_decision_logic - DEBUG - Pot commitment check: committed_amount=0, bet_to_call=0.0, total_commitment_if_call=0.0, my_stack=0.62, pot_commitment_ratio=0.00%, commitment_threshold=45.00%, is_pot_committed=False
2025-06-07 12:22:34,569 - postflop_decision_logic - DEBUG - Opponent analysis: 0 opponents tracked, table type: unknown, estimated_range: unknown
2025-06-07 12:22:34,569 - postflop_decision_logic - DEBUG - SPR analysis: spr=6.20, strategy=standard, drawing_potential=True
2025-06-07 12:22:34,571 - postflop_decision_logic - DEBUG - Option to check is available.
2025-06-07 12:22:34,571 - postflop_decision_logic - INFO - Decision: CHECK (medium hand, no value bet/bluff).
2025-06-07 12:22:43,684 - postflop_decision_logic - DEBUG - Pot commitment check: committed_amount=0, bet_to_call=0.05, total_commitment_if_call=0.05, my_stack=0.62, pot_commitment_ratio=7.46%, commitment_threshold=45.00%, is_pot_committed=False
2025-06-07 12:22:43,685 - postflop_decision_logic - DEBUG - Opponent analysis: 0 opponents tracked, table type: unknown, estimated_range: unknown
2025-06-07 12:22:43,685 - postflop_decision_logic - DEBUG - SPR analysis: spr=4.13, strategy=standard, drawing_potential=True
2025-06-07 12:22:43,685 - postflop_decision_logic - DEBUG - Facing a bet. bet_to_call: 0.05, pot_size: 0.15, my_stack: 0.62, max_bet_on_table: 0.05
2025-06-07 12:22:43,686 - postflop_decision_logic - DEBUG - Hand is_medium. win_probability: 0.482, pot_odds: 0.25
2025-06-07 12:22:43,686 - postflop_decision_logic - INFO - Decision: CALL (medium hand, good odds and bet size). Amount to call: 0.05
2025-06-07 12:22:52,790 - postflop_decision_logic - DEBUG - Pot commitment check: committed_amount=0, bet_to_call=0.0, total_commitment_if_call=0.0, my_stack=0.57, pot_commitment_ratio=0.00%, commitment_threshold=45.00%, is_pot_committed=False
2025-06-07 12:22:52,790 - postflop_decision_logic - DEBUG - Opponent analysis: 0 opponents tracked, table type: unknown, estimated_range: unknown
2025-06-07 12:22:52,791 - postflop_decision_logic - DEBUG - SPR analysis: spr=2.85, strategy=standard, drawing_potential=False
2025-06-07 12:22:52,791 - postflop_decision_logic - DEBUG - Option to check is available.
2025-06-07 12:22:52,791 - postflop_decision_logic - INFO - Decision: CHECK (medium hand, no value bet/bluff).
