2025-05-28 19:33:26,923 - __main__ - INFO - PokerBot started. Press Ctrl+C to stop.
2025-05-28 19:33:26,923 - __main__ - INFO - 
--- New Decision Cycle ---
2025-05-28 19:33:26,923 - __main__ - DEBUG - Attempting to retrieve game HTML from screen...
2025-05-28 19:33:28,319 - __main__ - DEBUG - HTML length: 26501
2025-05-28 19:33:28,356 - __main__ - INFO - My turn. Hand: ['6♣', 'Q♣'], Rank: Q6 suited, Stack: €0.78
2025-05-28 19:33:28,356 - __main__ - INFO - Pot: €0.05, Community Cards: []
2025-05-28 19:33:28,831 - __main__ - INFO - Decision: CHECK Amount: 0
2025-05-28 19:33:35,299 - __main__ - INFO - 
--- New Decision Cycle ---
2025-05-28 19:33:35,303 - __main__ - DEBUG - Attempting to retrieve game HTML from screen...
2025-05-28 19:33:36,675 - __main__ - DEBUG - HTML length: 23995
2025-05-28 19:33:36,721 - __main__ - INFO - Not my turn. My Hand: ['6♣', 'Q♣']. Waiting...
2025-05-28 19:33:37,722 - __main__ - INFO - 
--- New Decision Cycle ---
2025-05-28 19:33:37,723 - __main__ - DEBUG - Attempting to retrieve game HTML from screen...
2025-05-28 19:33:39,110 - __main__ - DEBUG - HTML length: 25045
2025-05-28 19:33:39,145 - __main__ - INFO - Not my turn. My Hand: ['6♣', 'Q♣']. Waiting...
2025-05-28 19:33:40,147 - __main__ - INFO - 
--- New Decision Cycle ---
2025-05-28 19:33:40,148 - __main__ - DEBUG - Attempting to retrieve game HTML from screen...
2025-05-28 19:33:41,525 - __main__ - DEBUG - HTML length: 25187
2025-05-28 19:33:41,561 - __main__ - INFO - Not my turn. My Hand: ['6♣', 'Q♣']. Waiting...
2025-05-28 19:33:42,562 - __main__ - INFO - 
--- New Decision Cycle ---
2025-05-28 19:33:42,563 - __main__ - DEBUG - Attempting to retrieve game HTML from screen...
2025-05-28 19:33:43,942 - __main__ - DEBUG - HTML length: 25199
2025-05-28 19:33:43,977 - __main__ - INFO - Not my turn. My Hand: ['6♣', 'Q♣']. Waiting...
2025-05-28 19:33:44,979 - __main__ - INFO - 
--- New Decision Cycle ---
2025-05-28 19:33:44,980 - __main__ - DEBUG - Attempting to retrieve game HTML from screen...
2025-05-28 19:33:46,359 - __main__ - DEBUG - HTML length: 25199
2025-05-28 19:33:46,397 - __main__ - INFO - Not my turn. My Hand: ['6♣', 'Q♣']. Waiting...
2025-05-28 19:33:47,398 - __main__ - INFO - 
--- New Decision Cycle ---
2025-05-28 19:33:47,399 - __main__ - DEBUG - Attempting to retrieve game HTML from screen...
2025-05-28 19:33:48,779 - __main__ - DEBUG - HTML length: 25262
2025-05-28 19:33:48,810 - __main__ - INFO - Not my turn. My Hand: ['6♣', 'Q♣']. Waiting...
2025-05-28 19:33:49,812 - __main__ - INFO - 
--- New Decision Cycle ---
2025-05-28 19:33:49,813 - __main__ - DEBUG - Attempting to retrieve game HTML from screen...
2025-05-28 19:33:51,191 - __main__ - DEBUG - HTML length: 26543
2025-05-28 19:33:51,227 - __main__ - INFO - My turn. Hand: ['6♣', 'Q♣'], Rank: High Card, A, Stack: €0.78
2025-05-28 19:33:51,227 - __main__ - INFO - Pot: €0.06, Community Cards: ['J♣', 'A♠', '8♠']
2025-05-28 19:33:51,739 - __main__ - INFO - Decision: CHECK Amount: 0
2025-05-28 19:33:58,199 - __main__ - INFO - 
--- New Decision Cycle ---
2025-05-28 19:33:58,200 - __main__ - DEBUG - Attempting to retrieve game HTML from screen...
2025-05-28 19:33:59,576 - __main__ - DEBUG - HTML length: 25510
2025-05-28 19:33:59,611 - __main__ - INFO - Not my turn. My Hand: ['6♣', 'Q♣']. Waiting...
2025-05-28 19:34:00,612 - __main__ - INFO - 
--- New Decision Cycle ---
2025-05-28 19:34:00,613 - __main__ - DEBUG - Attempting to retrieve game HTML from screen...
2025-05-28 19:34:01,994 - __main__ - DEBUG - HTML length: 25682
2025-05-28 19:34:02,036 - __main__ - INFO - Not my turn. My Hand: ['6♣', 'Q♣']. Waiting...
2025-05-28 19:34:03,036 - __main__ - INFO - 
--- New Decision Cycle ---
2025-05-28 19:34:03,037 - __main__ - DEBUG - Attempting to retrieve game HTML from screen...
2025-05-28 19:34:04,411 - __main__ - DEBUG - HTML length: 25602
2025-05-28 19:34:04,447 - __main__ - INFO - Not my turn. My Hand: ['6♣', 'Q♣']. Waiting...
2025-05-28 19:34:05,448 - __main__ - INFO - 
--- New Decision Cycle ---
2025-05-28 19:34:05,450 - __main__ - DEBUG - Attempting to retrieve game HTML from screen...
2025-05-28 19:34:06,827 - __main__ - DEBUG - HTML length: 25602
2025-05-28 19:34:06,874 - __main__ - INFO - Not my turn. My Hand: ['6♣', 'Q♣']. Waiting...
2025-05-28 19:34:07,875 - __main__ - INFO - 
--- New Decision Cycle ---
2025-05-28 19:34:07,877 - __main__ - DEBUG - Attempting to retrieve game HTML from screen...
2025-05-28 19:34:09,259 - __main__ - DEBUG - HTML length: 27319
2025-05-28 19:34:09,302 - __main__ - INFO - My turn. Hand: ['6♣', 'Q♣'], Rank: High Card, A, Stack: €0.78
2025-05-28 19:34:09,303 - __main__ - INFO - Pot: €0.10, Community Cards: ['J♣', 'A♠', '8♠', '10♦']
2025-05-28 19:34:09,817 - __main__ - INFO - Decision: FOLD
2025-05-28 19:34:16,283 - __main__ - INFO - 
--- New Decision Cycle ---
2025-05-28 19:34:16,284 - __main__ - DEBUG - Attempting to retrieve game HTML from screen...
2025-05-28 19:34:17,660 - __main__ - DEBUG - HTML length: 26216
2025-05-28 19:34:17,707 - __main__ - INFO - Not my turn. My Hand: ['6♣', 'Q♣']. Waiting...
2025-05-28 19:34:18,708 - __main__ - INFO - 
--- New Decision Cycle ---
2025-05-28 19:34:18,708 - __main__ - DEBUG - Attempting to retrieve game HTML from screen...
2025-05-28 19:34:20,080 - __main__ - DEBUG - HTML length: 25781
2025-05-28 19:34:20,113 - __main__ - INFO - Not my turn. My Hand: ['6♣', 'Q♣']. Waiting...
2025-05-28 19:34:21,114 - __main__ - INFO - 
--- New Decision Cycle ---
2025-05-28 19:34:21,114 - __main__ - DEBUG - Attempting to retrieve game HTML from screen...
2025-05-28 19:34:22,494 - __main__ - DEBUG - HTML length: 20764
2025-05-28 19:34:22,524 - __main__ - INFO - Not my turn. My Hand: []. Waiting...
2025-05-28 19:34:23,525 - __main__ - INFO - 
--- New Decision Cycle ---
2025-05-28 19:34:23,526 - __main__ - DEBUG - Attempting to retrieve game HTML from screen...
2025-05-28 19:34:24,912 - __main__ - DEBUG - HTML length: 27756
2025-05-28 19:34:24,951 - __main__ - INFO - My turn. Hand: ['3♣', '8♦'], Rank: 83 offsuit, Stack: €0.78
2025-05-28 19:34:24,952 - __main__ - INFO - Pot: €0.03, Community Cards: []
2025-05-28 19:34:25,476 - __main__ - INFO - Decision: FOLD
2025-05-28 19:34:31,950 - __main__ - INFO - 
--- New Decision Cycle ---
2025-05-28 19:34:31,950 - __main__ - DEBUG - Attempting to retrieve game HTML from screen...
2025-05-28 19:34:33,328 - __main__ - DEBUG - HTML length: 23926
2025-05-28 19:34:33,359 - __main__ - INFO - Not my turn. My Hand: ['3♣', '8♦']. Waiting...
2025-05-28 19:34:34,360 - __main__ - INFO - 
--- New Decision Cycle ---
2025-05-28 19:34:34,361 - __main__ - DEBUG - Attempting to retrieve game HTML from screen...
2025-05-28 19:34:35,748 - __main__ - DEBUG - HTML length: 25458
2025-05-28 19:34:35,786 - __main__ - INFO - Not my turn. My Hand: ['9♠', '4♥']. Waiting...
2025-05-28 19:34:36,787 - __main__ - INFO - 
--- New Decision Cycle ---
2025-05-28 19:34:36,788 - __main__ - DEBUG - Attempting to retrieve game HTML from screen...
2025-05-28 19:34:38,161 - __main__ - DEBUG - HTML length: 26350
2025-05-28 19:34:38,199 - __main__ - INFO - Not my turn. My Hand: ['9♠', '4♥']. Waiting...
2025-05-28 19:34:39,200 - __main__ - INFO - 
--- New Decision Cycle ---
2025-05-28 19:34:39,201 - __main__ - DEBUG - Attempting to retrieve game HTML from screen...
2025-05-28 19:34:40,577 - __main__ - DEBUG - HTML length: 25438
2025-05-28 19:34:40,614 - __main__ - INFO - Not my turn. My Hand: ['9♠', '4♥']. Waiting...
2025-05-28 19:34:41,616 - __main__ - INFO - 
--- New Decision Cycle ---
2025-05-28 19:34:41,617 - __main__ - DEBUG - Attempting to retrieve game HTML from screen...
2025-05-28 19:34:42,997 - __main__ - DEBUG - HTML length: 24782
2025-05-28 19:34:43,040 - __main__ - INFO - Not my turn. My Hand: ['9♠', '4♥']. Waiting...
2025-05-28 19:34:44,041 - __main__ - INFO - 
--- New Decision Cycle ---
2025-05-28 19:34:44,042 - __main__ - DEBUG - Attempting to retrieve game HTML from screen...
2025-05-28 19:34:45,428 - __main__ - DEBUG - HTML length: 24782
2025-05-28 19:34:45,462 - __main__ - INFO - Not my turn. My Hand: ['9♠', '4♥']. Waiting...
2025-05-28 19:34:46,463 - __main__ - INFO - 
--- New Decision Cycle ---
2025-05-28 19:34:46,464 - __main__ - DEBUG - Attempting to retrieve game HTML from screen...
2025-05-28 19:34:47,843 - __main__ - DEBUG - HTML length: 25823
2025-05-28 19:34:47,877 - __main__ - INFO - My turn. Hand: ['9♠', '4♥'], Rank: 94 offsuit, Stack: €0.76
2025-05-28 19:34:47,878 - __main__ - INFO - Pot: €0.09, Community Cards: []
2025-05-28 19:34:48,382 - __main__ - INFO - Decision: FOLD
2025-05-28 19:34:54,849 - __main__ - INFO - 
--- New Decision Cycle ---
2025-05-28 19:34:54,850 - __main__ - DEBUG - Attempting to retrieve game HTML from screen...
2025-05-28 19:34:56,230 - __main__ - DEBUG - HTML length: 25942
2025-05-28 19:34:56,265 - __main__ - INFO - Not my turn. My Hand: ['5♦', '9♥']. Waiting...
2025-05-28 19:34:57,267 - __main__ - INFO - 
--- New Decision Cycle ---
2025-05-28 19:34:57,268 - __main__ - DEBUG - Attempting to retrieve game HTML from screen...
2025-05-28 19:34:58,646 - __main__ - DEBUG - HTML length: 25303
2025-05-28 19:34:58,685 - __main__ - INFO - Not my turn. My Hand: ['5♦', '9♥']. Waiting...
2025-05-28 19:34:59,686 - __main__ - INFO - 
--- New Decision Cycle ---
2025-05-28 19:34:59,687 - __main__ - DEBUG - Attempting to retrieve game HTML from screen...
2025-05-28 19:35:01,060 - __main__ - DEBUG - HTML length: 25366
2025-05-28 19:35:01,100 - __main__ - INFO - Not my turn. My Hand: ['5♦', '9♥']. Waiting...
2025-05-28 19:35:02,101 - __main__ - INFO - 
--- New Decision Cycle ---
2025-05-28 19:35:02,102 - __main__ - DEBUG - Attempting to retrieve game HTML from screen...
2025-05-28 19:35:03,478 - __main__ - DEBUG - HTML length: 25284
2025-05-28 19:35:03,514 - __main__ - INFO - Not my turn. My Hand: ['5♦', '9♥']. Waiting...
2025-05-28 19:35:04,516 - __main__ - INFO - 
--- New Decision Cycle ---
2025-05-28 19:35:04,517 - __main__ - DEBUG - Attempting to retrieve game HTML from screen...
2025-05-28 19:35:05,896 - __main__ - DEBUG - HTML length: 25296
2025-05-28 19:35:05,937 - __main__ - INFO - Not my turn. My Hand: ['5♦', '9♥']. Waiting...
2025-05-28 19:35:06,938 - __main__ - INFO - 
--- New Decision Cycle ---
2025-05-28 19:35:06,939 - __main__ - DEBUG - Attempting to retrieve game HTML from screen...
2025-05-28 19:35:08,310 - __main__ - DEBUG - HTML length: 27188
2025-05-28 19:35:08,345 - __main__ - INFO - My turn. Hand: ['5♦', '9♥'], Rank: 95 offsuit, Stack: €0.75
2025-05-28 19:35:08,345 - __main__ - INFO - Pot: €0.13, Community Cards: []
2025-05-28 19:35:08,889 - __main__ - INFO - Decision: FOLD
2025-05-28 19:35:15,351 - __main__ - INFO - 
--- New Decision Cycle ---
2025-05-28 19:35:15,352 - __main__ - DEBUG - Attempting to retrieve game HTML from screen...
2025-05-28 19:35:16,729 - __main__ - DEBUG - HTML length: 25507
2025-05-28 19:35:16,768 - __main__ - INFO - Not my turn. My Hand: ['5♦', '9♥']. Waiting...
2025-05-28 19:35:17,769 - __main__ - INFO - 
--- New Decision Cycle ---
2025-05-28 19:35:17,769 - __main__ - DEBUG - Attempting to retrieve game HTML from screen...
2025-05-28 19:35:19,146 - __main__ - DEBUG - HTML length: 25414
2025-05-28 19:35:19,189 - __main__ - INFO - Not my turn. My Hand: ['5♦', '9♥']. Waiting...
2025-05-28 19:35:20,190 - __main__ - INFO - 
--- New Decision Cycle ---
2025-05-28 19:35:20,191 - __main__ - DEBUG - Attempting to retrieve game HTML from screen...
2025-05-28 19:35:21,578 - __main__ - DEBUG - HTML length: 25401
2025-05-28 19:35:21,624 - __main__ - INFO - Not my turn. My Hand: ['5♦', '9♥']. Waiting...
2025-05-28 19:35:22,625 - __main__ - INFO - 
--- New Decision Cycle ---
2025-05-28 19:35:22,625 - __main__ - DEBUG - Attempting to retrieve game HTML from screen...
2025-05-28 19:35:23,996 - __main__ - DEBUG - HTML length: 25702
2025-05-28 19:35:24,035 - __main__ - INFO - Not my turn. My Hand: ['5♦', '9♥']. Waiting...
2025-05-28 19:35:25,036 - __main__ - INFO - 
--- New Decision Cycle ---
2025-05-28 19:35:25,037 - __main__ - DEBUG - Attempting to retrieve game HTML from screen...
2025-05-28 19:35:26,412 - __main__ - DEBUG - HTML length: 25719
2025-05-28 19:35:26,455 - __main__ - INFO - Not my turn. My Hand: ['5♦', '9♥']. Waiting...
2025-05-28 19:35:27,456 - __main__ - INFO - 
--- New Decision Cycle ---
2025-05-28 19:35:27,457 - __main__ - DEBUG - Attempting to retrieve game HTML from screen...
2025-05-28 19:35:28,830 - __main__ - DEBUG - HTML length: 26020
2025-05-28 19:35:28,869 - __main__ - INFO - Not my turn. My Hand: ['5♦', '9♥']. Waiting...
2025-05-28 19:35:29,870 - __main__ - INFO - 
--- New Decision Cycle ---
2025-05-28 19:35:29,871 - __main__ - DEBUG - Attempting to retrieve game HTML from screen...
2025-05-28 19:35:31,244 - __main__ - DEBUG - HTML length: 26038
2025-05-28 19:35:31,288 - __main__ - INFO - Not my turn. My Hand: ['5♦', '9♥']. Waiting...
2025-05-28 19:35:32,289 - __main__ - INFO - 
--- New Decision Cycle ---
2025-05-28 19:35:32,290 - __main__ - DEBUG - Attempting to retrieve game HTML from screen...
2025-05-28 19:35:33,682 - __main__ - DEBUG - HTML length: 26118
2025-05-28 19:35:33,723 - __main__ - INFO - Not my turn. My Hand: ['5♦', '9♥']. Waiting...
2025-05-28 19:35:34,725 - __main__ - INFO - 
--- New Decision Cycle ---
2025-05-28 19:35:34,726 - __main__ - DEBUG - Attempting to retrieve game HTML from screen...
2025-05-28 19:35:36,095 - __main__ - DEBUG - HTML length: 26102
2025-05-28 19:35:36,131 - __main__ - INFO - Not my turn. My Hand: ['5♦', '9♥']. Waiting...
2025-05-28 19:35:37,133 - __main__ - INFO - 
--- New Decision Cycle ---
2025-05-28 19:35:37,134 - __main__ - DEBUG - Attempting to retrieve game HTML from screen...
2025-05-28 19:35:38,512 - __main__ - DEBUG - HTML length: 26022
2025-05-28 19:35:38,555 - __main__ - INFO - Not my turn. My Hand: ['5♦', '9♥']. Waiting...
2025-05-28 19:35:39,555 - __main__ - INFO - 
--- New Decision Cycle ---
2025-05-28 19:35:39,556 - __main__ - DEBUG - Attempting to retrieve game HTML from screen...
2025-05-28 19:35:40,928 - __main__ - DEBUG - HTML length: 24850
2025-05-28 19:35:40,970 - __main__ - INFO - Not my turn. My Hand: ['5♦', '9♥']. Waiting...
2025-05-28 19:35:41,971 - __main__ - INFO - 
--- New Decision Cycle ---
2025-05-28 19:35:41,971 - __main__ - DEBUG - Attempting to retrieve game HTML from screen...
2025-05-28 19:35:43,353 - __main__ - DEBUG - HTML length: 24066
2025-05-28 19:35:43,396 - __main__ - INFO - Not my turn. My Hand: ['5♦', '9♥']. Waiting...
2025-05-28 19:35:44,396 - __main__ - INFO - 
--- New Decision Cycle ---
2025-05-28 19:35:44,403 - __main__ - DEBUG - Attempting to retrieve game HTML from screen...
2025-05-28 19:35:45,780 - __main__ - DEBUG - HTML length: 26350
2025-05-28 19:35:45,828 - __main__ - INFO - Not my turn. My Hand: ['Q♣', '3♣']. Waiting...
2025-05-28 19:35:46,830 - __main__ - INFO - 
--- New Decision Cycle ---
2025-05-28 19:35:46,831 - __main__ - DEBUG - Attempting to retrieve game HTML from screen...
2025-05-28 19:35:48,213 - __main__ - DEBUG - HTML length: 26166
2025-05-28 19:35:48,255 - __main__ - INFO - Not my turn. My Hand: ['Q♣', '3♣']. Waiting...
2025-05-28 19:35:49,257 - __main__ - INFO - 
--- New Decision Cycle ---
2025-05-28 19:35:49,257 - __main__ - DEBUG - Attempting to retrieve game HTML from screen...
2025-05-28 19:35:50,628 - __main__ - DEBUG - HTML length: 26507
2025-05-28 19:35:50,661 - __main__ - INFO - My turn. Hand: ['Q♣', '3♣'], Rank: Q3 suited, Stack: €0.75
2025-05-28 19:35:50,662 - __main__ - INFO - Pot: €0.03, Community Cards: []
2025-05-28 19:35:51,165 - __main__ - INFO - Decision: FOLD
2025-05-28 19:35:57,636 - __main__ - INFO - 
--- New Decision Cycle ---
2025-05-28 19:35:57,637 - __main__ - DEBUG - Attempting to retrieve game HTML from screen...
2025-05-28 19:35:59,016 - __main__ - DEBUG - HTML length: 25001
2025-05-28 19:35:59,053 - __main__ - INFO - Not my turn. My Hand: ['Q♣', '3♣']. Waiting...
2025-05-28 19:36:00,055 - __main__ - INFO - 
--- New Decision Cycle ---
2025-05-28 19:36:00,055 - __main__ - DEBUG - Attempting to retrieve game HTML from screen...
2025-05-28 19:36:01,430 - __main__ - DEBUG - HTML length: 25001
2025-05-28 19:36:01,484 - __main__ - INFO - Not my turn. My Hand: ['Q♣', '3♣']. Waiting...
2025-05-28 19:36:02,485 - __main__ - INFO - 
--- New Decision Cycle ---
2025-05-28 19:36:02,486 - __main__ - DEBUG - Attempting to retrieve game HTML from screen...
2025-05-28 19:36:03,864 - __main__ - DEBUG - HTML length: 24068
2025-05-28 19:36:03,908 - __main__ - INFO - Not my turn. My Hand: ['Q♣', '3♣']. Waiting...
2025-05-28 19:36:04,909 - __main__ - INFO - 
--- New Decision Cycle ---
2025-05-28 19:36:04,910 - __main__ - DEBUG - Attempting to retrieve game HTML from screen...
2025-05-28 19:36:06,298 - __main__ - DEBUG - HTML length: 26037
2025-05-28 19:36:06,338 - __main__ - INFO - Not my turn. My Hand: ['4♣', '10♦']. Waiting...
2025-05-28 19:36:07,340 - __main__ - INFO - 
--- New Decision Cycle ---
2025-05-28 19:36:07,341 - __main__ - DEBUG - Attempting to retrieve game HTML from screen...
2025-05-28 19:36:08,715 - __main__ - DEBUG - HTML length: 26826
2025-05-28 19:36:08,751 - __main__ - INFO - Not my turn. My Hand: ['4♣', '10♦']. Waiting...
2025-05-28 19:36:09,752 - __main__ - INFO - 
--- New Decision Cycle ---
2025-05-28 19:36:09,752 - __main__ - DEBUG - Attempting to retrieve game HTML from screen...
2025-05-28 19:36:11,130 - __main__ - DEBUG - HTML length: 26171
2025-05-28 19:36:11,165 - __main__ - INFO - Not my turn. My Hand: ['4♣', '10♦']. Waiting...
2025-05-28 19:36:12,166 - __main__ - INFO - 
--- New Decision Cycle ---
2025-05-28 19:36:12,167 - __main__ - DEBUG - Attempting to retrieve game HTML from screen...
2025-05-28 19:36:13,546 - __main__ - DEBUG - HTML length: 27168
2025-05-28 19:36:13,585 - __main__ - INFO - My turn. Hand: ['4♣', '10♦'], Rank: 104 offsuit, Stack: €0.75
2025-05-28 19:36:13,586 - __main__ - INFO - Pot: €0.03, Community Cards: []
2025-05-28 19:36:14,113 - __main__ - INFO - Decision: FOLD
2025-05-28 19:36:20,585 - __main__ - INFO - 
--- New Decision Cycle ---
2025-05-28 19:36:20,586 - __main__ - DEBUG - Attempting to retrieve game HTML from screen...
2025-05-28 19:36:21,963 - __main__ - DEBUG - HTML length: 24020
2025-05-28 19:36:22,004 - __main__ - INFO - Not my turn. My Hand: ['4♣', '10♦']. Waiting...
2025-05-28 19:36:23,005 - __main__ - INFO - 
--- New Decision Cycle ---
2025-05-28 19:36:23,006 - __main__ - DEBUG - Attempting to retrieve game HTML from screen...
2025-05-28 19:36:24,380 - __main__ - DEBUG - HTML length: 25629
2025-05-28 19:36:24,414 - __main__ - INFO - Not my turn. My Hand: ['Q♥', '8♣']. Waiting...
2025-05-28 19:36:25,415 - __main__ - INFO - 
--- New Decision Cycle ---
2025-05-28 19:36:25,417 - __main__ - DEBUG - Attempting to retrieve game HTML from screen...
2025-05-28 19:36:26,798 - __main__ - DEBUG - HTML length: 26802
2025-05-28 19:36:26,837 - __main__ - INFO - Not my turn. My Hand: ['Q♥', '8♣']. Waiting...
2025-05-28 19:36:27,838 - __main__ - INFO - 
--- New Decision Cycle ---
2025-05-28 19:36:27,839 - __main__ - DEBUG - Attempting to retrieve game HTML from screen...
2025-05-28 19:36:29,213 - __main__ - DEBUG - HTML length: 27800
2025-05-28 19:36:29,254 - __main__ - INFO - My turn. Hand: ['Q♥', '8♣'], Rank: Q8 offsuit, Stack: €0.75
2025-05-28 19:36:29,255 - __main__ - INFO - Pot: €0.03, Community Cards: []
2025-05-28 19:36:29,745 - __main__ - INFO - Decision: FOLD
2025-05-28 19:36:36,203 - __main__ - INFO - 
--- New Decision Cycle ---
2025-05-28 19:36:36,204 - __main__ - DEBUG - Attempting to retrieve game HTML from screen...
2025-05-28 19:36:37,581 - __main__ - DEBUG - HTML length: 23820
2025-05-28 19:36:37,614 - __main__ - INFO - Not my turn. My Hand: ['Q♥', '8♣']. Waiting...
2025-05-28 19:36:38,615 - __main__ - INFO - 
--- New Decision Cycle ---
2025-05-28 19:36:38,616 - __main__ - DEBUG - Attempting to retrieve game HTML from screen...
2025-05-28 19:36:39,999 - __main__ - DEBUG - HTML length: 24017
2025-05-28 19:36:40,041 - __main__ - INFO - Not my turn. My Hand: ['Q♥', '8♣']. Waiting...
2025-05-28 19:36:41,042 - __main__ - INFO - 
--- New Decision Cycle ---
2025-05-28 19:36:41,043 - __main__ - DEBUG - Attempting to retrieve game HTML from screen...
2025-05-28 19:36:42,417 - __main__ - DEBUG - HTML length: 27270
2025-05-28 19:36:42,448 - __main__ - INFO - My turn. Hand: ['3♣', '2♣'], Rank: 32 suited, Stack: €0.75
2025-05-28 19:36:42,449 - __main__ - INFO - Pot: €0.03, Community Cards: []
2025-05-28 19:36:42,961 - __main__ - INFO - Decision: FOLD
2025-05-28 19:36:49,421 - __main__ - INFO - 
--- New Decision Cycle ---
2025-05-28 19:36:49,423 - __main__ - DEBUG - Attempting to retrieve game HTML from screen...
2025-05-28 19:36:50,799 - __main__ - DEBUG - HTML length: 26139
2025-05-28 19:36:50,836 - __main__ - INFO - Not my turn. My Hand: ['3♣', '2♣']. Waiting...
2025-05-28 19:36:51,837 - __main__ - INFO - 
--- New Decision Cycle ---
2025-05-28 19:36:51,838 - __main__ - DEBUG - Attempting to retrieve game HTML from screen...
2025-05-28 19:36:53,215 - __main__ - DEBUG - HTML length: 26371
2025-05-28 19:36:53,262 - __main__ - INFO - Not my turn. My Hand: ['3♣', '2♣']. Waiting...
2025-05-28 19:36:54,263 - __main__ - INFO - 
--- New Decision Cycle ---
2025-05-28 19:36:54,264 - __main__ - DEBUG - Attempting to retrieve game HTML from screen...
2025-05-28 19:36:55,648 - __main__ - DEBUG - HTML length: 25643
2025-05-28 19:36:55,686 - __main__ - INFO - Not my turn. My Hand: ['3♣', '2♣']. Waiting...
2025-05-28 19:36:56,687 - __main__ - INFO - 
--- New Decision Cycle ---
2025-05-28 19:36:56,688 - __main__ - DEBUG - Attempting to retrieve game HTML from screen...
2025-05-28 19:36:58,065 - __main__ - DEBUG - HTML length: 24446
2025-05-28 19:36:58,110 - __main__ - INFO - Not my turn. My Hand: ['3♣', '2♣']. Waiting...
2025-05-28 19:36:59,111 - __main__ - INFO - 
--- New Decision Cycle ---
2025-05-28 19:36:59,112 - __main__ - DEBUG - Attempting to retrieve game HTML from screen...
2025-05-28 19:37:00,498 - __main__ - DEBUG - HTML length: 24987
2025-05-28 19:37:00,536 - __main__ - INFO - Not my turn. My Hand: ['3♣', '2♣']. Waiting...
2025-05-28 19:37:01,537 - __main__ - INFO - 
--- New Decision Cycle ---
2025-05-28 19:37:01,537 - __main__ - DEBUG - Attempting to retrieve game HTML from screen...
2025-05-28 19:37:02,914 - __main__ - DEBUG - HTML length: 24987
2025-05-28 19:37:02,954 - __main__ - INFO - Not my turn. My Hand: ['3♣', '2♣']. Waiting...
2025-05-28 19:37:03,955 - __main__ - INFO - 
--- New Decision Cycle ---
2025-05-28 19:37:03,956 - __main__ - DEBUG - Attempting to retrieve game HTML from screen...
2025-05-28 19:37:05,335 - __main__ - DEBUG - HTML length: 24522
2025-05-28 19:37:05,377 - __main__ - INFO - Not my turn. My Hand: ['3♣', '2♣']. Waiting...
2025-05-28 19:37:06,379 - __main__ - INFO - 
--- New Decision Cycle ---
2025-05-28 19:37:06,380 - __main__ - DEBUG - Attempting to retrieve game HTML from screen...
2025-05-28 19:37:07,767 - __main__ - DEBUG - HTML length: 24021
2025-05-28 19:37:07,811 - __main__ - INFO - Not my turn. My Hand: ['3♣', '2♣']. Waiting...
2025-05-28 19:37:08,812 - __main__ - INFO - 
--- New Decision Cycle ---
2025-05-28 19:37:08,812 - __main__ - DEBUG - Attempting to retrieve game HTML from screen...
2025-05-28 19:37:10,181 - __main__ - DEBUG - HTML length: 26203
2025-05-28 19:37:10,213 - __main__ - INFO - Not my turn. My Hand: ['J♦', 'J♥']. Waiting...
2025-05-28 19:37:11,215 - __main__ - INFO - 
--- New Decision Cycle ---
2025-05-28 19:37:11,215 - __main__ - DEBUG - Attempting to retrieve game HTML from screen...
2025-05-28 19:37:12,599 - __main__ - DEBUG - HTML length: 26857
2025-05-28 19:37:12,641 - __main__ - INFO - Not my turn. My Hand: ['J♦', 'J♥']. Waiting...
2025-05-28 19:37:13,642 - __main__ - INFO - 
--- New Decision Cycle ---
2025-05-28 19:37:13,643 - __main__ - DEBUG - Attempting to retrieve game HTML from screen...
2025-05-28 19:37:15,015 - __main__ - DEBUG - HTML length: 27047
2025-05-28 19:37:15,054 - __main__ - INFO - Not my turn. My Hand: ['J♦', 'J♥']. Waiting...
2025-05-28 19:37:16,056 - __main__ - INFO - 
--- New Decision Cycle ---
2025-05-28 19:37:16,056 - __main__ - DEBUG - Attempting to retrieve game HTML from screen...
2025-05-28 19:37:17,431 - __main__ - DEBUG - HTML length: 25673
2025-05-28 19:37:17,470 - __main__ - INFO - Not my turn. My Hand: ['J♦', 'J♥']. Waiting...
2025-05-28 19:37:18,471 - __main__ - INFO - 
--- New Decision Cycle ---
2025-05-28 19:37:18,472 - __main__ - DEBUG - Attempting to retrieve game HTML from screen...
2025-05-28 19:37:19,847 - __main__ - DEBUG - HTML length: 24554
2025-05-28 19:37:19,883 - __main__ - INFO - Not my turn. My Hand: ['J♦', 'J♥']. Waiting...
2025-05-28 19:37:20,884 - __main__ - INFO - 
--- New Decision Cycle ---
2025-05-28 19:37:20,886 - __main__ - DEBUG - Attempting to retrieve game HTML from screen...
2025-05-28 19:37:22,267 - __main__ - DEBUG - HTML length: 26694
2025-05-28 19:37:22,313 - __main__ - INFO - My turn. Hand: ['J♦', 'J♥'], Rank: Pair of Js, Stack: €0.73
2025-05-28 19:37:22,314 - __main__ - INFO - Pot: €0.15, Community Cards: []
2025-05-28 19:37:22,824 - __main__ - INFO - Decision: CALL Amount: 0.04
2025-05-28 19:37:29,287 - __main__ - INFO - 
--- New Decision Cycle ---
2025-05-28 19:37:29,288 - __main__ - DEBUG - Attempting to retrieve game HTML from screen...
2025-05-28 19:37:30,665 - __main__ - DEBUG - HTML length: 27151
2025-05-28 19:37:30,710 - __main__ - INFO - My turn. Hand: ['J♦', 'J♥'], Rank: Two Pair, Js and 2s, Stack: €0.69
2025-05-28 19:37:30,711 - __main__ - INFO - Pot: €0.19, Community Cards: ['2♦', '2♥', '6♣']
2025-05-28 19:37:31,209 - __main__ - INFO - Decision: CHECK Amount: 0
2025-05-28 19:37:37,673 - __main__ - INFO - 
--- New Decision Cycle ---
2025-05-28 19:37:37,673 - __main__ - DEBUG - Attempting to retrieve game HTML from screen...
2025-05-28 19:37:39,049 - __main__ - DEBUG - HTML length: 26724
2025-05-28 19:37:39,090 - __main__ - INFO - My turn. Hand: ['J♦', 'J♥'], Rank: Two Pair, Js and 2s, Stack: €0.69
2025-05-28 19:37:39,090 - __main__ - INFO - Pot: €0.28, Community Cards: ['2♦', '2♥', '6♣']
2025-05-28 19:37:39,581 - __main__ - INFO - Decision: FOLD
2025-05-28 19:37:46,056 - __main__ - INFO - 
--- New Decision Cycle ---
2025-05-28 19:37:46,056 - __main__ - DEBUG - Attempting to retrieve game HTML from screen...
2025-05-28 19:37:47,436 - __main__ - DEBUG - HTML length: 26811
2025-05-28 19:37:47,476 - __main__ - INFO - Not my turn. My Hand: ['J♦', 'A♥']. Waiting...
2025-05-28 19:37:48,477 - __main__ - INFO - 
--- New Decision Cycle ---
2025-05-28 19:37:48,478 - __main__ - DEBUG - Attempting to retrieve game HTML from screen...
2025-05-28 19:37:49,850 - __main__ - DEBUG - HTML length: 26176
2025-05-28 19:37:49,892 - __main__ - INFO - Not my turn. My Hand: ['J♦', 'A♥']. Waiting...
2025-05-28 19:37:50,893 - __main__ - INFO - 
--- New Decision Cycle ---
2025-05-28 19:37:50,894 - __main__ - DEBUG - Attempting to retrieve game HTML from screen...
2025-05-28 19:37:52,265 - __main__ - DEBUG - HTML length: 26176
2025-05-28 19:37:52,302 - __main__ - INFO - Not my turn. My Hand: ['J♦', 'A♥']. Waiting...
2025-05-28 19:37:53,303 - __main__ - INFO - 
--- New Decision Cycle ---
2025-05-28 19:37:53,304 - __main__ - DEBUG - Attempting to retrieve game HTML from screen...
2025-05-28 19:37:54,682 - __main__ - DEBUG - HTML length: 25536
2025-05-28 19:37:54,734 - __main__ - INFO - Not my turn. My Hand: ['J♦', 'A♥']. Waiting...
2025-05-28 19:37:55,735 - __main__ - INFO - 
--- New Decision Cycle ---
2025-05-28 19:37:55,736 - __main__ - DEBUG - Attempting to retrieve game HTML from screen...
2025-05-28 19:37:57,116 - __main__ - DEBUG - HTML length: 24880
2025-05-28 19:37:57,154 - __main__ - INFO - Not my turn. My Hand: ['J♦', 'A♥']. Waiting...
2025-05-28 19:37:58,155 - __main__ - INFO - 
--- New Decision Cycle ---
2025-05-28 19:37:58,156 - __main__ - DEBUG - Attempting to retrieve game HTML from screen...
2025-05-28 19:37:59,534 - __main__ - DEBUG - HTML length: 26807
2025-05-28 19:37:59,568 - __main__ - INFO - My turn. Hand: ['J♦', 'A♥'], Rank: AJ offsuit, Stack: €0.68
2025-05-28 19:37:59,569 - __main__ - INFO - Pot: €0.08, Community Cards: []
2025-05-28 19:38:00,087 - __main__ - INFO - Decision: FOLD
2025-05-28 19:38:06,556 - __main__ - INFO - 
--- New Decision Cycle ---
2025-05-28 19:38:06,557 - __main__ - DEBUG - Attempting to retrieve game HTML from screen...
2025-05-28 19:38:07,935 - __main__ - DEBUG - HTML length: 24992
2025-05-28 19:38:07,973 - __main__ - INFO - Not my turn. My Hand: ['J♦', 'A♥']. Waiting...
2025-05-28 19:38:08,975 - __main__ - INFO - 
--- New Decision Cycle ---
2025-05-28 19:38:08,975 - __main__ - DEBUG - Attempting to retrieve game HTML from screen...
2025-05-28 19:38:10,351 - __main__ - DEBUG - HTML length: 23714
2025-05-28 19:38:10,396 - __main__ - INFO - Not my turn. My Hand: ['J♦', 'A♥']. Waiting...
2025-05-28 19:38:11,397 - __main__ - INFO - 
--- New Decision Cycle ---
2025-05-28 19:38:11,398 - __main__ - DEBUG - Attempting to retrieve game HTML from screen...
2025-05-28 19:38:12,787 - __main__ - DEBUG - HTML length: 22832
2025-05-28 19:38:12,868 - __main__ - INFO - Not my turn. My Hand: ['3♥', '4♣']. Waiting...
2025-05-28 19:38:13,870 - __main__ - INFO - 
--- New Decision Cycle ---
2025-05-28 19:38:13,871 - __main__ - DEBUG - Attempting to retrieve game HTML from screen...
2025-05-28 19:38:15,250 - __main__ - DEBUG - HTML length: 23139
2025-05-28 19:38:15,287 - __main__ - INFO - Not my turn. My Hand: ['3♥', '4♣']. Waiting...
2025-05-28 19:38:16,289 - __main__ - INFO - 
--- New Decision Cycle ---
2025-05-28 19:38:16,290 - __main__ - DEBUG - Attempting to retrieve game HTML from screen...
2025-05-28 19:38:17,666 - __main__ - DEBUG - HTML length: 21958
2025-05-28 19:38:17,698 - __main__ - INFO - Not my turn. My Hand: ['3♥', '4♣']. Waiting...
2025-05-28 19:38:18,699 - __main__ - INFO - 
--- New Decision Cycle ---
2025-05-28 19:38:18,700 - __main__ - DEBUG - Attempting to retrieve game HTML from screen...
2025-05-28 19:38:20,084 - __main__ - DEBUG - HTML length: 24140
2025-05-28 19:38:20,118 - __main__ - INFO - My turn. Hand: ['3♥', '4♣'], Rank: 43 offsuit, Stack: €0.68
2025-05-28 19:38:20,118 - __main__ - INFO - Pot: €0.03, Community Cards: []
2025-05-28 19:38:20,553 - __main__ - INFO - Decision: FOLD
2025-05-28 19:38:27,023 - __main__ - INFO - 
--- New Decision Cycle ---
2025-05-28 19:38:27,024 - __main__ - DEBUG - Attempting to retrieve game HTML from screen...
2025-05-28 19:38:28,402 - __main__ - DEBUG - HTML length: 23277
2025-05-28 19:38:28,439 - __main__ - INFO - Not my turn. My Hand: ['Q♥', '5♣']. Waiting...
2025-05-28 19:38:29,440 - __main__ - INFO - 
--- New Decision Cycle ---
2025-05-28 19:38:29,441 - __main__ - DEBUG - Attempting to retrieve game HTML from screen...
2025-05-28 19:38:31,458 - __main__ - DEBUG - HTML length: 23791
2025-05-28 19:38:31,486 - __main__ - INFO - Not my turn. My Hand: ['Q♥', '5♣']. Waiting...
2025-05-28 19:38:32,487 - __main__ - INFO - 
--- New Decision Cycle ---
2025-05-28 19:38:32,488 - __main__ - DEBUG - Attempting to retrieve game HTML from screen...
2025-05-28 19:38:33,854 - __main__ - DEBUG - HTML length: 23791
2025-05-28 19:38:33,880 - __main__ - INFO - Not my turn. My Hand: ['Q♥', '5♣']. Waiting...
2025-05-28 19:38:34,880 - __main__ - INFO - 
--- New Decision Cycle ---
2025-05-28 19:38:34,881 - __main__ - DEBUG - Attempting to retrieve game HTML from screen...
2025-05-28 19:38:36,249 - __main__ - DEBUG - HTML length: 25700
2025-05-28 19:38:36,275 - __main__ - INFO - My turn. Hand: ['Q♥', '5♣'], Rank: Q5 offsuit, Stack: €0.68
2025-05-28 19:38:36,276 - __main__ - INFO - Pot: €0.08, Community Cards: []
2025-05-28 19:38:36,562 - __main__ - INFO - Decision: FOLD
2025-05-28 19:38:43,021 - __main__ - INFO - 
--- New Decision Cycle ---
2025-05-28 19:38:43,022 - __main__ - DEBUG - Attempting to retrieve game HTML from screen...
2025-05-28 19:38:44,388 - __main__ - DEBUG - HTML length: 25723
2025-05-28 19:38:44,415 - __main__ - INFO - Not my turn. My Hand: ['Q♥', '5♣']. Waiting...
2025-05-28 19:38:45,416 - __main__ - INFO - 
--- New Decision Cycle ---
2025-05-28 19:38:45,417 - __main__ - DEBUG - Attempting to retrieve game HTML from screen...
2025-05-28 19:38:46,785 - __main__ - DEBUG - HTML length: 25628
2025-05-28 19:38:46,812 - __main__ - INFO - Not my turn. My Hand: ['Q♥', '5♣']. Waiting...
2025-05-28 19:38:47,813 - __main__ - INFO - 
--- New Decision Cycle ---
2025-05-28 19:38:47,814 - __main__ - DEBUG - Attempting to retrieve game HTML from screen...
2025-05-28 19:38:49,180 - __main__ - DEBUG - HTML length: 25536
2025-05-28 19:38:49,207 - __main__ - INFO - Not my turn. My Hand: ['Q♥', '5♣']. Waiting...
2025-05-28 19:38:50,208 - __main__ - INFO - 
--- New Decision Cycle ---
2025-05-28 19:38:50,209 - __main__ - DEBUG - Attempting to retrieve game HTML from screen...
2025-05-28 19:38:51,576 - __main__ - DEBUG - HTML length: 25604
2025-05-28 19:38:51,612 - __main__ - INFO - Not my turn. My Hand: ['Q♥', '5♣']. Waiting...
2025-05-28 19:38:52,613 - __main__ - INFO - 
--- New Decision Cycle ---
2025-05-28 19:38:52,613 - __main__ - DEBUG - Attempting to retrieve game HTML from screen...
2025-05-28 19:38:53,983 - __main__ - DEBUG - HTML length: 24699
2025-05-28 19:38:54,012 - __main__ - INFO - Not my turn. My Hand: ['Q♥', '5♣']. Waiting...
2025-05-28 19:38:55,013 - __main__ - INFO - 
--- New Decision Cycle ---
2025-05-28 19:38:55,013 - __main__ - DEBUG - Attempting to retrieve game HTML from screen...
2025-05-28 19:38:56,382 - __main__ - DEBUG - HTML length: 22429
2025-05-28 19:38:56,404 - __main__ - INFO - Not my turn. My Hand: ['7♥', 'A♣']. Waiting...
2025-05-28 19:38:57,405 - __main__ - INFO - 
--- New Decision Cycle ---
2025-05-28 19:38:57,405 - __main__ - DEBUG - Attempting to retrieve game HTML from screen...
2025-05-28 19:38:58,774 - __main__ - DEBUG - HTML length: 22543
2025-05-28 19:38:58,798 - __main__ - INFO - Not my turn. My Hand: ['7♥', 'A♣']. Waiting...
2025-05-28 19:38:59,799 - __main__ - INFO - 
--- New Decision Cycle ---
2025-05-28 19:38:59,800 - __main__ - DEBUG - Attempting to retrieve game HTML from screen...
2025-05-28 19:39:01,167 - __main__ - DEBUG - HTML length: 22543
2025-05-28 19:39:01,191 - __main__ - INFO - Not my turn. My Hand: ['7♥', 'A♣']. Waiting...
2025-05-28 19:39:02,192 - __main__ - INFO - 
--- New Decision Cycle ---
2025-05-28 19:39:02,193 - __main__ - DEBUG - Attempting to retrieve game HTML from screen...
2025-05-28 19:39:03,560 - __main__ - DEBUG - HTML length: 22647
2025-05-28 19:39:03,587 - __main__ - INFO - Not my turn. My Hand: ['7♥', 'A♣']. Waiting...
2025-05-28 19:39:04,587 - __main__ - INFO - 
--- New Decision Cycle ---
2025-05-28 19:39:04,588 - __main__ - DEBUG - Attempting to retrieve game HTML from screen...
2025-05-28 19:39:05,955 - __main__ - DEBUG - HTML length: 23676
2025-05-28 19:39:05,979 - __main__ - INFO - My turn. Hand: ['7♥', 'A♣'], Rank: A7 offsuit, Stack: €0.66
2025-05-28 19:39:05,980 - __main__ - INFO - Pot: €0.08, Community Cards: []
2025-05-28 19:39:06,317 - __main__ - INFO - Decision: CALL Amount: 0.03
2025-05-28 19:39:12,776 - __main__ - INFO - 
--- New Decision Cycle ---
2025-05-28 19:39:12,776 - __main__ - DEBUG - Attempting to retrieve game HTML from screen...
2025-05-28 19:39:14,144 - __main__ - DEBUG - HTML length: 26392
2025-05-28 19:39:14,170 - __main__ - INFO - My turn. Hand: ['7♥', 'A♣'], Rank: One Pair, 7s, Stack: €0.63
2025-05-28 19:39:14,170 - __main__ - INFO - Pot: €0.11, Community Cards: ['7♠', '5♥', '3♦']
2025-05-28 19:39:14,559 - __main__ - INFO - Decision: CHECK Amount: 0
2025-05-28 19:39:21,018 - __main__ - INFO - 
--- New Decision Cycle ---
2025-05-28 19:39:21,019 - __main__ - DEBUG - Attempting to retrieve game HTML from screen...
2025-05-28 19:39:22,385 - __main__ - DEBUG - HTML length: 26698
2025-05-28 19:39:22,414 - __main__ - INFO - My turn. Hand: ['7♥', 'A♣'], Rank: One Pair, 7s, Stack: €0.63
2025-05-28 19:39:22,415 - __main__ - INFO - Pot: €0.11, Community Cards: ['7♠', '5♥', '3♦', 'K♦']
2025-05-28 19:39:22,799 - __main__ - INFO - Decision: CHECK Amount: 0
2025-05-28 19:39:29,261 - __main__ - INFO - 
--- New Decision Cycle ---
2025-05-28 19:39:29,262 - __main__ - DEBUG - Attempting to retrieve game HTML from screen...
2025-05-28 19:39:30,632 - __main__ - DEBUG - HTML length: 27015
2025-05-28 19:39:30,662 - __main__ - INFO - My turn. Hand: ['7♥', 'A♣'], Rank: One Pair, 7s, Stack: €0.63
2025-05-28 19:39:30,663 - __main__ - INFO - Pot: €0.15, Community Cards: ['7♠', '5♥', '3♦', 'K♦']
2025-05-28 19:39:31,061 - __main__ - INFO - Decision: FOLD
2025-05-28 19:39:37,518 - __main__ - INFO - 
--- New Decision Cycle ---
2025-05-28 19:39:37,519 - __main__ - DEBUG - Attempting to retrieve game HTML from screen...
2025-05-28 19:39:38,885 - __main__ - DEBUG - HTML length: 24271
2025-05-28 19:39:38,918 - __main__ - INFO - Not my turn. My Hand: ['4♦', '6♦']. Waiting...
2025-05-28 19:39:39,599 - __main__ - INFO - PokerBot stopped by user.
