2025-05-28 19:33:26,923 - INFO - PokerBot started. Press Ctrl+C to stop.
2025-05-28 19:33:26,923 - INFO - 
--- New Decision Cycle ---
2025-05-28 19:33:26,923 - DEBUG - Attempting to retrieve game HTML from screen...
2025-05-28 19:33:28,319 - DEBUG - HTML length: 26501
2025-05-28 19:33:28,338 - INFO - Found actions area. Analyzing buttons...
2025-05-28 19:33:28,338 - INFO - Found 3 potential action elements.
2025-05-28 19:33:28,354 - INFO - Found actions area. Analyzing buttons...
2025-05-28 19:33:28,355 - INFO - Found 3 potential action elements.
2025-05-28 19:33:28,356 - INFO - My turn. Hand: ['6♣', 'Q♣'], Rank: Q6 suited, Stack: €0.78
2025-05-28 19:33:28,356 - INFO - Pot: €0.05, Community Cards: []
2025-05-28 19:33:28,831 - INFO - Decision: CHECK Amount: 0
2025-05-28 19:33:35,299 - INFO - 
--- New Decision Cycle ---
2025-05-28 19:33:35,303 - DEBUG - Attempting to retrieve game HTML from screen...
2025-05-28 19:33:36,675 - DEBUG - HTML length: 23995
2025-05-28 19:33:36,703 - INFO - Found actions area. Analyzing buttons...
2025-05-28 19:33:36,704 - INFO - Found 0 potential action elements.
2025-05-28 19:33:36,713 - INFO - Found actions area. Analyzing buttons...
2025-05-28 19:33:36,714 - INFO - Found 0 potential action elements.
2025-05-28 19:33:36,721 - INFO - Not my turn. My Hand: ['6♣', 'Q♣']. Waiting...
2025-05-28 19:33:37,722 - INFO - 
--- New Decision Cycle ---
2025-05-28 19:33:37,723 - DEBUG - Attempting to retrieve game HTML from screen...
2025-05-28 19:33:39,110 - DEBUG - HTML length: 25045
2025-05-28 19:33:39,133 - INFO - Found actions area. Analyzing buttons...
2025-05-28 19:33:39,134 - INFO - Found 0 potential action elements.
2025-05-28 19:33:39,143 - INFO - Found actions area. Analyzing buttons...
2025-05-28 19:33:39,143 - INFO - Found 0 potential action elements.
2025-05-28 19:33:39,145 - INFO - Not my turn. My Hand: ['6♣', 'Q♣']. Waiting...
2025-05-28 19:33:40,147 - INFO - 
--- New Decision Cycle ---
2025-05-28 19:33:40,148 - DEBUG - Attempting to retrieve game HTML from screen...
2025-05-28 19:33:41,525 - DEBUG - HTML length: 25187
2025-05-28 19:33:41,548 - INFO - Found actions area. Analyzing buttons...
2025-05-28 19:33:41,548 - INFO - Found 0 potential action elements.
2025-05-28 19:33:41,558 - INFO - Found actions area. Analyzing buttons...
2025-05-28 19:33:41,559 - INFO - Found 0 potential action elements.
2025-05-28 19:33:41,561 - INFO - Not my turn. My Hand: ['6♣', 'Q♣']. Waiting...
2025-05-28 19:33:42,562 - INFO - 
--- New Decision Cycle ---
2025-05-28 19:33:42,563 - DEBUG - Attempting to retrieve game HTML from screen...
2025-05-28 19:33:43,942 - DEBUG - HTML length: 25199
2025-05-28 19:33:43,965 - INFO - Found actions area. Analyzing buttons...
2025-05-28 19:33:43,966 - INFO - Found 0 potential action elements.
2025-05-28 19:33:43,976 - INFO - Found actions area. Analyzing buttons...
2025-05-28 19:33:43,976 - INFO - Found 0 potential action elements.
2025-05-28 19:33:43,977 - INFO - Not my turn. My Hand: ['6♣', 'Q♣']. Waiting...
2025-05-28 19:33:44,979 - INFO - 
--- New Decision Cycle ---
2025-05-28 19:33:44,980 - DEBUG - Attempting to retrieve game HTML from screen...
2025-05-28 19:33:46,359 - DEBUG - HTML length: 25199
2025-05-28 19:33:46,381 - INFO - Found actions area. Analyzing buttons...
2025-05-28 19:33:46,382 - INFO - Found 0 potential action elements.
2025-05-28 19:33:46,394 - INFO - Found actions area. Analyzing buttons...
2025-05-28 19:33:46,395 - INFO - Found 0 potential action elements.
2025-05-28 19:33:46,397 - INFO - Not my turn. My Hand: ['6♣', 'Q♣']. Waiting...
2025-05-28 19:33:47,398 - INFO - 
--- New Decision Cycle ---
2025-05-28 19:33:47,399 - DEBUG - Attempting to retrieve game HTML from screen...
2025-05-28 19:33:48,779 - DEBUG - HTML length: 25262
2025-05-28 19:33:48,799 - INFO - Found actions area. Analyzing buttons...
2025-05-28 19:33:48,799 - INFO - Found 0 potential action elements.
2025-05-28 19:33:48,808 - INFO - Found actions area. Analyzing buttons...
2025-05-28 19:33:48,809 - INFO - Found 0 potential action elements.
2025-05-28 19:33:48,810 - INFO - Not my turn. My Hand: ['6♣', 'Q♣']. Waiting...
2025-05-28 19:33:49,812 - INFO - 
--- New Decision Cycle ---
2025-05-28 19:33:49,813 - DEBUG - Attempting to retrieve game HTML from screen...
2025-05-28 19:33:51,191 - DEBUG - HTML length: 26543
2025-05-28 19:33:51,214 - INFO - Found actions area. Analyzing buttons...
2025-05-28 19:33:51,215 - INFO - Found 3 potential action elements.
2025-05-28 19:33:51,225 - INFO - Found actions area. Analyzing buttons...
2025-05-28 19:33:51,225 - INFO - Found 3 potential action elements.
2025-05-28 19:33:51,227 - INFO - My turn. Hand: ['6♣', 'Q♣'], Rank: High Card, A, Stack: €0.78
2025-05-28 19:33:51,227 - INFO - Pot: €0.06, Community Cards: ['J♣', 'A♠', '8♠']
2025-05-28 19:33:51,739 - INFO - Decision: CHECK Amount: 0
2025-05-28 19:33:58,199 - INFO - 
--- New Decision Cycle ---
2025-05-28 19:33:58,200 - DEBUG - Attempting to retrieve game HTML from screen...
2025-05-28 19:33:59,576 - DEBUG - HTML length: 25510
2025-05-28 19:33:59,600 - INFO - Found actions area. Analyzing buttons...
2025-05-28 19:33:59,601 - INFO - Found 0 potential action elements.
2025-05-28 19:33:59,609 - INFO - Found actions area. Analyzing buttons...
2025-05-28 19:33:59,610 - INFO - Found 0 potential action elements.
2025-05-28 19:33:59,611 - INFO - Not my turn. My Hand: ['6♣', 'Q♣']. Waiting...
2025-05-28 19:34:00,612 - INFO - 
--- New Decision Cycle ---
2025-05-28 19:34:00,613 - DEBUG - Attempting to retrieve game HTML from screen...
2025-05-28 19:34:01,994 - DEBUG - HTML length: 25682
2025-05-28 19:34:02,022 - INFO - Found actions area. Analyzing buttons...
2025-05-28 19:34:02,022 - INFO - Found 0 potential action elements.
2025-05-28 19:34:02,034 - INFO - Found actions area. Analyzing buttons...
2025-05-28 19:34:02,035 - INFO - Found 0 potential action elements.
2025-05-28 19:34:02,036 - INFO - Not my turn. My Hand: ['6♣', 'Q♣']. Waiting...
2025-05-28 19:34:03,036 - INFO - 
--- New Decision Cycle ---
2025-05-28 19:34:03,037 - DEBUG - Attempting to retrieve game HTML from screen...
2025-05-28 19:34:04,411 - DEBUG - HTML length: 25602
2025-05-28 19:34:04,433 - INFO - Found actions area. Analyzing buttons...
2025-05-28 19:34:04,434 - INFO - Found 0 potential action elements.
2025-05-28 19:34:04,444 - INFO - Found actions area. Analyzing buttons...
2025-05-28 19:34:04,445 - INFO - Found 0 potential action elements.
2025-05-28 19:34:04,447 - INFO - Not my turn. My Hand: ['6♣', 'Q♣']. Waiting...
2025-05-28 19:34:05,448 - INFO - 
--- New Decision Cycle ---
2025-05-28 19:34:05,450 - DEBUG - Attempting to retrieve game HTML from screen...
2025-05-28 19:34:06,827 - DEBUG - HTML length: 25602
2025-05-28 19:34:06,862 - INFO - Found actions area. Analyzing buttons...
2025-05-28 19:34:06,863 - INFO - Found 0 potential action elements.
2025-05-28 19:34:06,872 - INFO - Found actions area. Analyzing buttons...
2025-05-28 19:34:06,873 - INFO - Found 0 potential action elements.
2025-05-28 19:34:06,874 - INFO - Not my turn. My Hand: ['6♣', 'Q♣']. Waiting...
2025-05-28 19:34:07,875 - INFO - 
--- New Decision Cycle ---
2025-05-28 19:34:07,877 - DEBUG - Attempting to retrieve game HTML from screen...
2025-05-28 19:34:09,259 - DEBUG - HTML length: 27319
2025-05-28 19:34:09,285 - INFO - Found actions area. Analyzing buttons...
2025-05-28 19:34:09,286 - INFO - Found 3 potential action elements.
2025-05-28 19:34:09,299 - INFO - Found actions area. Analyzing buttons...
2025-05-28 19:34:09,300 - INFO - Found 3 potential action elements.
2025-05-28 19:34:09,302 - INFO - My turn. Hand: ['6♣', 'Q♣'], Rank: High Card, A, Stack: €0.78
2025-05-28 19:34:09,303 - INFO - Pot: €0.10, Community Cards: ['J♣', 'A♠', '8♠', '10♦']
2025-05-28 19:34:09,817 - INFO - Decision: FOLD
2025-05-28 19:34:16,283 - INFO - 
--- New Decision Cycle ---
2025-05-28 19:34:16,284 - DEBUG - Attempting to retrieve game HTML from screen...
2025-05-28 19:34:17,660 - DEBUG - HTML length: 26216
2025-05-28 19:34:17,686 - INFO - Found actions area. Analyzing buttons...
2025-05-28 19:34:17,687 - INFO - Found 0 potential action elements.
2025-05-28 19:34:17,703 - INFO - Found actions area. Analyzing buttons...
2025-05-28 19:34:17,704 - INFO - Found 0 potential action elements.
2025-05-28 19:34:17,707 - INFO - Not my turn. My Hand: ['6♣', 'Q♣']. Waiting...
2025-05-28 19:34:18,708 - INFO - 
--- New Decision Cycle ---
2025-05-28 19:34:18,708 - DEBUG - Attempting to retrieve game HTML from screen...
2025-05-28 19:34:20,080 - DEBUG - HTML length: 25781
2025-05-28 19:34:20,099 - INFO - Found actions area. Analyzing buttons...
2025-05-28 19:34:20,100 - INFO - Found 0 potential action elements.
2025-05-28 19:34:20,110 - INFO - Found actions area. Analyzing buttons...
2025-05-28 19:34:20,111 - INFO - Found 0 potential action elements.
2025-05-28 19:34:20,113 - INFO - Not my turn. My Hand: ['6♣', 'Q♣']. Waiting...
2025-05-28 19:34:21,114 - INFO - 
--- New Decision Cycle ---
2025-05-28 19:34:21,114 - DEBUG - Attempting to retrieve game HTML from screen...
2025-05-28 19:34:22,494 - DEBUG - HTML length: 20764
2025-05-28 19:34:22,515 - INFO - Found actions area. Analyzing buttons...
2025-05-28 19:34:22,515 - INFO - Found 0 potential action elements.
2025-05-28 19:34:22,523 - INFO - Found actions area. Analyzing buttons...
2025-05-28 19:34:22,524 - INFO - Found 0 potential action elements.
2025-05-28 19:34:22,524 - INFO - Not my turn. My Hand: []. Waiting...
2025-05-28 19:34:23,525 - INFO - 
--- New Decision Cycle ---
2025-05-28 19:34:23,526 - DEBUG - Attempting to retrieve game HTML from screen...
2025-05-28 19:34:24,912 - DEBUG - HTML length: 27756
2025-05-28 19:34:24,939 - INFO - Found actions area. Analyzing buttons...
2025-05-28 19:34:24,939 - INFO - Found 3 potential action elements.
2025-05-28 19:34:24,949 - INFO - Found actions area. Analyzing buttons...
2025-05-28 19:34:24,950 - INFO - Found 3 potential action elements.
2025-05-28 19:34:24,951 - INFO - My turn. Hand: ['3♣', '8♦'], Rank: 83 offsuit, Stack: €0.78
2025-05-28 19:34:24,952 - INFO - Pot: €0.03, Community Cards: []
2025-05-28 19:34:25,476 - INFO - Decision: FOLD
2025-05-28 19:34:31,950 - INFO - 
--- New Decision Cycle ---
2025-05-28 19:34:31,950 - DEBUG - Attempting to retrieve game HTML from screen...
2025-05-28 19:34:33,328 - DEBUG - HTML length: 23926
2025-05-28 19:34:33,348 - INFO - Found actions area. Analyzing buttons...
2025-05-28 19:34:33,348 - INFO - Found 0 potential action elements.
2025-05-28 19:34:33,357 - INFO - Found actions area. Analyzing buttons...
2025-05-28 19:34:33,358 - INFO - Found 0 potential action elements.
2025-05-28 19:34:33,359 - INFO - Not my turn. My Hand: ['3♣', '8♦']. Waiting...
2025-05-28 19:34:34,360 - INFO - 
--- New Decision Cycle ---
2025-05-28 19:34:34,361 - DEBUG - Attempting to retrieve game HTML from screen...
2025-05-28 19:34:35,748 - DEBUG - HTML length: 25458
2025-05-28 19:34:35,773 - INFO - Found actions area. Analyzing buttons...
2025-05-28 19:34:35,774 - INFO - Found 0 potential action elements.
2025-05-28 19:34:35,784 - INFO - Found actions area. Analyzing buttons...
2025-05-28 19:34:35,785 - INFO - Found 0 potential action elements.
2025-05-28 19:34:35,786 - INFO - Not my turn. My Hand: ['9♠', '4♥']. Waiting...
2025-05-28 19:34:36,787 - INFO - 
--- New Decision Cycle ---
2025-05-28 19:34:36,788 - DEBUG - Attempting to retrieve game HTML from screen...
2025-05-28 19:34:38,161 - DEBUG - HTML length: 26350
2025-05-28 19:34:38,186 - INFO - Found actions area. Analyzing buttons...
2025-05-28 19:34:38,187 - INFO - Found 0 potential action elements.
2025-05-28 19:34:38,197 - INFO - Found actions area. Analyzing buttons...
2025-05-28 19:34:38,197 - INFO - Found 0 potential action elements.
2025-05-28 19:34:38,199 - INFO - Not my turn. My Hand: ['9♠', '4♥']. Waiting...
2025-05-28 19:34:39,200 - INFO - 
--- New Decision Cycle ---
2025-05-28 19:34:39,201 - DEBUG - Attempting to retrieve game HTML from screen...
2025-05-28 19:34:40,577 - DEBUG - HTML length: 25438
2025-05-28 19:34:40,603 - INFO - Found actions area. Analyzing buttons...
2025-05-28 19:34:40,604 - INFO - Found 0 potential action elements.
2025-05-28 19:34:40,612 - INFO - Found actions area. Analyzing buttons...
2025-05-28 19:34:40,613 - INFO - Found 0 potential action elements.
2025-05-28 19:34:40,614 - INFO - Not my turn. My Hand: ['9♠', '4♥']. Waiting...
2025-05-28 19:34:41,616 - INFO - 
--- New Decision Cycle ---
2025-05-28 19:34:41,617 - DEBUG - Attempting to retrieve game HTML from screen...
2025-05-28 19:34:42,997 - DEBUG - HTML length: 24782
2025-05-28 19:34:43,027 - INFO - Found actions area. Analyzing buttons...
2025-05-28 19:34:43,028 - INFO - Found 0 potential action elements.
2025-05-28 19:34:43,038 - INFO - Found actions area. Analyzing buttons...
2025-05-28 19:34:43,039 - INFO - Found 0 potential action elements.
2025-05-28 19:34:43,040 - INFO - Not my turn. My Hand: ['9♠', '4♥']. Waiting...
2025-05-28 19:34:44,041 - INFO - 
--- New Decision Cycle ---
2025-05-28 19:34:44,042 - DEBUG - Attempting to retrieve game HTML from screen...
2025-05-28 19:34:45,428 - DEBUG - HTML length: 24782
2025-05-28 19:34:45,451 - INFO - Found actions area. Analyzing buttons...
2025-05-28 19:34:45,452 - INFO - Found 0 potential action elements.
2025-05-28 19:34:45,460 - INFO - Found actions area. Analyzing buttons...
2025-05-28 19:34:45,461 - INFO - Found 0 potential action elements.
2025-05-28 19:34:45,462 - INFO - Not my turn. My Hand: ['9♠', '4♥']. Waiting...
2025-05-28 19:34:46,463 - INFO - 
--- New Decision Cycle ---
2025-05-28 19:34:46,464 - DEBUG - Attempting to retrieve game HTML from screen...
2025-05-28 19:34:47,843 - DEBUG - HTML length: 25823
2025-05-28 19:34:47,867 - INFO - Found actions area. Analyzing buttons...
2025-05-28 19:34:47,868 - INFO - Found 3 potential action elements.
2025-05-28 19:34:47,876 - INFO - Found actions area. Analyzing buttons...
2025-05-28 19:34:47,876 - INFO - Found 3 potential action elements.
2025-05-28 19:34:47,877 - INFO - My turn. Hand: ['9♠', '4♥'], Rank: 94 offsuit, Stack: €0.76
2025-05-28 19:34:47,878 - INFO - Pot: €0.09, Community Cards: []
2025-05-28 19:34:48,382 - INFO - Decision: FOLD
2025-05-28 19:34:54,849 - INFO - 
--- New Decision Cycle ---
2025-05-28 19:34:54,850 - DEBUG - Attempting to retrieve game HTML from screen...
2025-05-28 19:34:56,230 - DEBUG - HTML length: 25942
2025-05-28 19:34:56,252 - INFO - Found actions area. Analyzing buttons...
2025-05-28 19:34:56,252 - INFO - Found 0 potential action elements.
2025-05-28 19:34:56,262 - INFO - Found actions area. Analyzing buttons...
2025-05-28 19:34:56,262 - INFO - Found 0 potential action elements.
2025-05-28 19:34:56,265 - INFO - Not my turn. My Hand: ['5♦', '9♥']. Waiting...
2025-05-28 19:34:57,267 - INFO - 
--- New Decision Cycle ---
2025-05-28 19:34:57,268 - DEBUG - Attempting to retrieve game HTML from screen...
2025-05-28 19:34:58,646 - DEBUG - HTML length: 25303
2025-05-28 19:34:58,671 - INFO - Found actions area. Analyzing buttons...
2025-05-28 19:34:58,672 - INFO - Found 0 potential action elements.
2025-05-28 19:34:58,682 - INFO - Found actions area. Analyzing buttons...
2025-05-28 19:34:58,683 - INFO - Found 0 potential action elements.
2025-05-28 19:34:58,685 - INFO - Not my turn. My Hand: ['5♦', '9♥']. Waiting...
2025-05-28 19:34:59,686 - INFO - 
--- New Decision Cycle ---
2025-05-28 19:34:59,687 - DEBUG - Attempting to retrieve game HTML from screen...
2025-05-28 19:35:01,060 - DEBUG - HTML length: 25366
2025-05-28 19:35:01,088 - INFO - Found actions area. Analyzing buttons...
2025-05-28 19:35:01,088 - INFO - Found 0 potential action elements.
2025-05-28 19:35:01,097 - INFO - Found actions area. Analyzing buttons...
2025-05-28 19:35:01,098 - INFO - Found 0 potential action elements.
2025-05-28 19:35:01,100 - INFO - Not my turn. My Hand: ['5♦', '9♥']. Waiting...
2025-05-28 19:35:02,101 - INFO - 
--- New Decision Cycle ---
2025-05-28 19:35:02,102 - DEBUG - Attempting to retrieve game HTML from screen...
2025-05-28 19:35:03,478 - DEBUG - HTML length: 25284
2025-05-28 19:35:03,503 - INFO - Found actions area. Analyzing buttons...
2025-05-28 19:35:03,504 - INFO - Found 0 potential action elements.
2025-05-28 19:35:03,512 - INFO - Found actions area. Analyzing buttons...
2025-05-28 19:35:03,512 - INFO - Found 0 potential action elements.
2025-05-28 19:35:03,514 - INFO - Not my turn. My Hand: ['5♦', '9♥']. Waiting...
2025-05-28 19:35:04,516 - INFO - 
--- New Decision Cycle ---
2025-05-28 19:35:04,517 - DEBUG - Attempting to retrieve game HTML from screen...
2025-05-28 19:35:05,896 - DEBUG - HTML length: 25296
2025-05-28 19:35:05,921 - INFO - Found actions area. Analyzing buttons...
2025-05-28 19:35:05,921 - INFO - Found 0 potential action elements.
2025-05-28 19:35:05,934 - INFO - Found actions area. Analyzing buttons...
2025-05-28 19:35:05,935 - INFO - Found 0 potential action elements.
2025-05-28 19:35:05,937 - INFO - Not my turn. My Hand: ['5♦', '9♥']. Waiting...
2025-05-28 19:35:06,938 - INFO - 
--- New Decision Cycle ---
2025-05-28 19:35:06,939 - DEBUG - Attempting to retrieve game HTML from screen...
2025-05-28 19:35:08,310 - DEBUG - HTML length: 27188
2025-05-28 19:35:08,331 - INFO - Found actions area. Analyzing buttons...
2025-05-28 19:35:08,332 - INFO - Found 3 potential action elements.
2025-05-28 19:35:08,343 - INFO - Found actions area. Analyzing buttons...
2025-05-28 19:35:08,344 - INFO - Found 3 potential action elements.
2025-05-28 19:35:08,345 - INFO - My turn. Hand: ['5♦', '9♥'], Rank: 95 offsuit, Stack: €0.75
2025-05-28 19:35:08,345 - INFO - Pot: €0.13, Community Cards: []
2025-05-28 19:35:08,889 - INFO - Decision: FOLD
2025-05-28 19:35:15,351 - INFO - 
--- New Decision Cycle ---
2025-05-28 19:35:15,352 - DEBUG - Attempting to retrieve game HTML from screen...
2025-05-28 19:35:16,729 - DEBUG - HTML length: 25507
2025-05-28 19:35:16,753 - INFO - Found actions area. Analyzing buttons...
2025-05-28 19:35:16,754 - INFO - Found 0 potential action elements.
2025-05-28 19:35:16,763 - INFO - Found actions area. Analyzing buttons...
2025-05-28 19:35:16,764 - INFO - Found 0 potential action elements.
2025-05-28 19:35:16,768 - INFO - Not my turn. My Hand: ['5♦', '9♥']. Waiting...
2025-05-28 19:35:17,769 - INFO - 
--- New Decision Cycle ---
2025-05-28 19:35:17,769 - DEBUG - Attempting to retrieve game HTML from screen...
2025-05-28 19:35:19,146 - DEBUG - HTML length: 25414
2025-05-28 19:35:19,171 - INFO - Found actions area. Analyzing buttons...
2025-05-28 19:35:19,172 - INFO - Found 0 potential action elements.
2025-05-28 19:35:19,187 - INFO - Found actions area. Analyzing buttons...
2025-05-28 19:35:19,187 - INFO - Found 0 potential action elements.
2025-05-28 19:35:19,189 - INFO - Not my turn. My Hand: ['5♦', '9♥']. Waiting...
2025-05-28 19:35:20,190 - INFO - 
--- New Decision Cycle ---
2025-05-28 19:35:20,191 - DEBUG - Attempting to retrieve game HTML from screen...
2025-05-28 19:35:21,578 - DEBUG - HTML length: 25401
2025-05-28 19:35:21,608 - INFO - Found actions area. Analyzing buttons...
2025-05-28 19:35:21,609 - INFO - Found 0 potential action elements.
2025-05-28 19:35:21,621 - INFO - Found actions area. Analyzing buttons...
2025-05-28 19:35:21,622 - INFO - Found 0 potential action elements.
2025-05-28 19:35:21,624 - INFO - Not my turn. My Hand: ['5♦', '9♥']. Waiting...
2025-05-28 19:35:22,625 - INFO - 
--- New Decision Cycle ---
2025-05-28 19:35:22,625 - DEBUG - Attempting to retrieve game HTML from screen...
2025-05-28 19:35:23,996 - DEBUG - HTML length: 25702
2025-05-28 19:35:24,021 - INFO - Found actions area. Analyzing buttons...
2025-05-28 19:35:24,021 - INFO - Found 0 potential action elements.
2025-05-28 19:35:24,032 - INFO - Found actions area. Analyzing buttons...
2025-05-28 19:35:24,033 - INFO - Found 0 potential action elements.
2025-05-28 19:35:24,035 - INFO - Not my turn. My Hand: ['5♦', '9♥']. Waiting...
2025-05-28 19:35:25,036 - INFO - 
--- New Decision Cycle ---
2025-05-28 19:35:25,037 - DEBUG - Attempting to retrieve game HTML from screen...
2025-05-28 19:35:26,412 - DEBUG - HTML length: 25719
2025-05-28 19:35:26,440 - INFO - Found actions area. Analyzing buttons...
2025-05-28 19:35:26,440 - INFO - Found 0 potential action elements.
2025-05-28 19:35:26,452 - INFO - Found actions area. Analyzing buttons...
2025-05-28 19:35:26,453 - INFO - Found 0 potential action elements.
2025-05-28 19:35:26,455 - INFO - Not my turn. My Hand: ['5♦', '9♥']. Waiting...
2025-05-28 19:35:27,456 - INFO - 
--- New Decision Cycle ---
2025-05-28 19:35:27,457 - DEBUG - Attempting to retrieve game HTML from screen...
2025-05-28 19:35:28,830 - DEBUG - HTML length: 26020
2025-05-28 19:35:28,854 - INFO - Found actions area. Analyzing buttons...
2025-05-28 19:35:28,855 - INFO - Found 0 potential action elements.
2025-05-28 19:35:28,867 - INFO - Found actions area. Analyzing buttons...
2025-05-28 19:35:28,868 - INFO - Found 0 potential action elements.
2025-05-28 19:35:28,869 - INFO - Not my turn. My Hand: ['5♦', '9♥']. Waiting...
2025-05-28 19:35:29,870 - INFO - 
--- New Decision Cycle ---
2025-05-28 19:35:29,871 - DEBUG - Attempting to retrieve game HTML from screen...
2025-05-28 19:35:31,244 - DEBUG - HTML length: 26038
2025-05-28 19:35:31,272 - INFO - Found actions area. Analyzing buttons...
2025-05-28 19:35:31,273 - INFO - Found 0 potential action elements.
2025-05-28 19:35:31,285 - INFO - Found actions area. Analyzing buttons...
2025-05-28 19:35:31,286 - INFO - Found 0 potential action elements.
2025-05-28 19:35:31,288 - INFO - Not my turn. My Hand: ['5♦', '9♥']. Waiting...
2025-05-28 19:35:32,289 - INFO - 
--- New Decision Cycle ---
2025-05-28 19:35:32,290 - DEBUG - Attempting to retrieve game HTML from screen...
2025-05-28 19:35:33,682 - DEBUG - HTML length: 26118
2025-05-28 19:35:33,705 - INFO - Found actions area. Analyzing buttons...
2025-05-28 19:35:33,706 - INFO - Found 0 potential action elements.
2025-05-28 19:35:33,721 - INFO - Found actions area. Analyzing buttons...
2025-05-28 19:35:33,722 - INFO - Found 0 potential action elements.
2025-05-28 19:35:33,723 - INFO - Not my turn. My Hand: ['5♦', '9♥']. Waiting...
2025-05-28 19:35:34,725 - INFO - 
--- New Decision Cycle ---
2025-05-28 19:35:34,726 - DEBUG - Attempting to retrieve game HTML from screen...
2025-05-28 19:35:36,095 - DEBUG - HTML length: 26102
2025-05-28 19:35:36,118 - INFO - Found actions area. Analyzing buttons...
2025-05-28 19:35:36,118 - INFO - Found 0 potential action elements.
2025-05-28 19:35:36,129 - INFO - Found actions area. Analyzing buttons...
2025-05-28 19:35:36,129 - INFO - Found 0 potential action elements.
2025-05-28 19:35:36,131 - INFO - Not my turn. My Hand: ['5♦', '9♥']. Waiting...
2025-05-28 19:35:37,133 - INFO - 
--- New Decision Cycle ---
2025-05-28 19:35:37,134 - DEBUG - Attempting to retrieve game HTML from screen...
2025-05-28 19:35:38,512 - DEBUG - HTML length: 26022
2025-05-28 19:35:38,538 - INFO - Found actions area. Analyzing buttons...
2025-05-28 19:35:38,538 - INFO - Found 0 potential action elements.
2025-05-28 19:35:38,552 - INFO - Found actions area. Analyzing buttons...
2025-05-28 19:35:38,552 - INFO - Found 0 potential action elements.
2025-05-28 19:35:38,555 - INFO - Not my turn. My Hand: ['5♦', '9♥']. Waiting...
2025-05-28 19:35:39,555 - INFO - 
--- New Decision Cycle ---
2025-05-28 19:35:39,556 - DEBUG - Attempting to retrieve game HTML from screen...
2025-05-28 19:35:40,928 - DEBUG - HTML length: 24850
2025-05-28 19:35:40,954 - INFO - Found actions area. Analyzing buttons...
2025-05-28 19:35:40,955 - INFO - Found 0 potential action elements.
2025-05-28 19:35:40,966 - INFO - Found actions area. Analyzing buttons...
2025-05-28 19:35:40,967 - INFO - Found 0 potential action elements.
2025-05-28 19:35:40,970 - INFO - Not my turn. My Hand: ['5♦', '9♥']. Waiting...
2025-05-28 19:35:41,971 - INFO - 
--- New Decision Cycle ---
2025-05-28 19:35:41,971 - DEBUG - Attempting to retrieve game HTML from screen...
2025-05-28 19:35:43,353 - DEBUG - HTML length: 24066
2025-05-28 19:35:43,379 - INFO - Found actions area. Analyzing buttons...
2025-05-28 19:35:43,380 - INFO - Found 0 potential action elements.
2025-05-28 19:35:43,393 - INFO - Found actions area. Analyzing buttons...
2025-05-28 19:35:43,394 - INFO - Found 0 potential action elements.
2025-05-28 19:35:43,396 - INFO - Not my turn. My Hand: ['5♦', '9♥']. Waiting...
2025-05-28 19:35:44,396 - INFO - 
--- New Decision Cycle ---
2025-05-28 19:35:44,403 - DEBUG - Attempting to retrieve game HTML from screen...
2025-05-28 19:35:45,780 - DEBUG - HTML length: 26350
2025-05-28 19:35:45,817 - INFO - Found actions area. Analyzing buttons...
2025-05-28 19:35:45,817 - INFO - Found 0 potential action elements.
2025-05-28 19:35:45,827 - INFO - Found actions area. Analyzing buttons...
2025-05-28 19:35:45,827 - INFO - Found 0 potential action elements.
2025-05-28 19:35:45,828 - INFO - Not my turn. My Hand: ['Q♣', '3♣']. Waiting...
2025-05-28 19:35:46,830 - INFO - 
--- New Decision Cycle ---
2025-05-28 19:35:46,831 - DEBUG - Attempting to retrieve game HTML from screen...
2025-05-28 19:35:48,213 - DEBUG - HTML length: 26166
2025-05-28 19:35:48,242 - INFO - Found actions area. Analyzing buttons...
2025-05-28 19:35:48,242 - INFO - Found 0 potential action elements.
2025-05-28 19:35:48,253 - INFO - Found actions area. Analyzing buttons...
2025-05-28 19:35:48,254 - INFO - Found 0 potential action elements.
2025-05-28 19:35:48,255 - INFO - Not my turn. My Hand: ['Q♣', '3♣']. Waiting...
2025-05-28 19:35:49,257 - INFO - 
--- New Decision Cycle ---
2025-05-28 19:35:49,257 - DEBUG - Attempting to retrieve game HTML from screen...
2025-05-28 19:35:50,628 - DEBUG - HTML length: 26507
2025-05-28 19:35:50,650 - INFO - Found actions area. Analyzing buttons...
2025-05-28 19:35:50,650 - INFO - Found 3 potential action elements.
2025-05-28 19:35:50,659 - INFO - Found actions area. Analyzing buttons...
2025-05-28 19:35:50,660 - INFO - Found 3 potential action elements.
2025-05-28 19:35:50,661 - INFO - My turn. Hand: ['Q♣', '3♣'], Rank: Q3 suited, Stack: €0.75
2025-05-28 19:35:50,662 - INFO - Pot: €0.03, Community Cards: []
2025-05-28 19:35:51,165 - INFO - Decision: FOLD
2025-05-28 19:35:57,636 - INFO - 
--- New Decision Cycle ---
2025-05-28 19:35:57,637 - DEBUG - Attempting to retrieve game HTML from screen...
2025-05-28 19:35:59,016 - DEBUG - HTML length: 25001
2025-05-28 19:35:59,038 - INFO - Found actions area. Analyzing buttons...
2025-05-28 19:35:59,039 - INFO - Found 0 potential action elements.
2025-05-28 19:35:59,050 - INFO - Found actions area. Analyzing buttons...
2025-05-28 19:35:59,051 - INFO - Found 0 potential action elements.
2025-05-28 19:35:59,053 - INFO - Not my turn. My Hand: ['Q♣', '3♣']. Waiting...
2025-05-28 19:36:00,055 - INFO - 
--- New Decision Cycle ---
2025-05-28 19:36:00,055 - DEBUG - Attempting to retrieve game HTML from screen...
2025-05-28 19:36:01,430 - DEBUG - HTML length: 25001
2025-05-28 19:36:01,462 - INFO - Found actions area. Analyzing buttons...
2025-05-28 19:36:01,463 - INFO - Found 0 potential action elements.
2025-05-28 19:36:01,480 - INFO - Found actions area. Analyzing buttons...
2025-05-28 19:36:01,481 - INFO - Found 0 potential action elements.
2025-05-28 19:36:01,484 - INFO - Not my turn. My Hand: ['Q♣', '3♣']. Waiting...
2025-05-28 19:36:02,485 - INFO - 
--- New Decision Cycle ---
2025-05-28 19:36:02,486 - DEBUG - Attempting to retrieve game HTML from screen...
2025-05-28 19:36:03,864 - DEBUG - HTML length: 24068
2025-05-28 19:36:03,893 - INFO - Found actions area. Analyzing buttons...
2025-05-28 19:36:03,893 - INFO - Found 0 potential action elements.
2025-05-28 19:36:03,904 - INFO - Found actions area. Analyzing buttons...
2025-05-28 19:36:03,905 - INFO - Found 0 potential action elements.
2025-05-28 19:36:03,908 - INFO - Not my turn. My Hand: ['Q♣', '3♣']. Waiting...
2025-05-28 19:36:04,909 - INFO - 
--- New Decision Cycle ---
2025-05-28 19:36:04,910 - DEBUG - Attempting to retrieve game HTML from screen...
2025-05-28 19:36:06,298 - DEBUG - HTML length: 26037
2025-05-28 19:36:06,326 - INFO - Found actions area. Analyzing buttons...
2025-05-28 19:36:06,326 - INFO - Found 0 potential action elements.
2025-05-28 19:36:06,337 - INFO - Found actions area. Analyzing buttons...
2025-05-28 19:36:06,338 - INFO - Found 0 potential action elements.
2025-05-28 19:36:06,338 - INFO - Not my turn. My Hand: ['4♣', '10♦']. Waiting...
2025-05-28 19:36:07,340 - INFO - 
--- New Decision Cycle ---
2025-05-28 19:36:07,341 - DEBUG - Attempting to retrieve game HTML from screen...
2025-05-28 19:36:08,715 - DEBUG - HTML length: 26826
2025-05-28 19:36:08,735 - INFO - Found actions area. Analyzing buttons...
2025-05-28 19:36:08,736 - INFO - Found 0 potential action elements.
2025-05-28 19:36:08,748 - INFO - Found actions area. Analyzing buttons...
2025-05-28 19:36:08,749 - INFO - Found 0 potential action elements.
2025-05-28 19:36:08,751 - INFO - Not my turn. My Hand: ['4♣', '10♦']. Waiting...
2025-05-28 19:36:09,752 - INFO - 
--- New Decision Cycle ---
2025-05-28 19:36:09,752 - DEBUG - Attempting to retrieve game HTML from screen...
2025-05-28 19:36:11,130 - DEBUG - HTML length: 26171
2025-05-28 19:36:11,153 - INFO - Found actions area. Analyzing buttons...
2025-05-28 19:36:11,154 - INFO - Found 0 potential action elements.
2025-05-28 19:36:11,163 - INFO - Found actions area. Analyzing buttons...
2025-05-28 19:36:11,164 - INFO - Found 0 potential action elements.
2025-05-28 19:36:11,165 - INFO - Not my turn. My Hand: ['4♣', '10♦']. Waiting...
2025-05-28 19:36:12,166 - INFO - 
--- New Decision Cycle ---
2025-05-28 19:36:12,167 - DEBUG - Attempting to retrieve game HTML from screen...
2025-05-28 19:36:13,546 - DEBUG - HTML length: 27168
2025-05-28 19:36:13,570 - INFO - Found actions area. Analyzing buttons...
2025-05-28 19:36:13,570 - INFO - Found 3 potential action elements.
2025-05-28 19:36:13,582 - INFO - Found actions area. Analyzing buttons...
2025-05-28 19:36:13,583 - INFO - Found 3 potential action elements.
2025-05-28 19:36:13,585 - INFO - My turn. Hand: ['4♣', '10♦'], Rank: 104 offsuit, Stack: €0.75
2025-05-28 19:36:13,586 - INFO - Pot: €0.03, Community Cards: []
2025-05-28 19:36:14,113 - INFO - Decision: FOLD
2025-05-28 19:36:20,585 - INFO - 
--- New Decision Cycle ---
2025-05-28 19:36:20,586 - DEBUG - Attempting to retrieve game HTML from screen...
2025-05-28 19:36:21,963 - DEBUG - HTML length: 24020
2025-05-28 19:36:21,991 - INFO - Found actions area. Analyzing buttons...
2025-05-28 19:36:21,991 - INFO - Found 0 potential action elements.
2025-05-28 19:36:22,002 - INFO - Found actions area. Analyzing buttons...
2025-05-28 19:36:22,002 - INFO - Found 0 potential action elements.
2025-05-28 19:36:22,004 - INFO - Not my turn. My Hand: ['4♣', '10♦']. Waiting...
2025-05-28 19:36:23,005 - INFO - 
--- New Decision Cycle ---
2025-05-28 19:36:23,006 - DEBUG - Attempting to retrieve game HTML from screen...
2025-05-28 19:36:24,380 - DEBUG - HTML length: 25629
2025-05-28 19:36:24,402 - INFO - Found actions area. Analyzing buttons...
2025-05-28 19:36:24,402 - INFO - Found 0 potential action elements.
2025-05-28 19:36:24,412 - INFO - Found actions area. Analyzing buttons...
2025-05-28 19:36:24,413 - INFO - Found 0 potential action elements.
2025-05-28 19:36:24,414 - INFO - Not my turn. My Hand: ['Q♥', '8♣']. Waiting...
2025-05-28 19:36:25,415 - INFO - 
--- New Decision Cycle ---
2025-05-28 19:36:25,417 - DEBUG - Attempting to retrieve game HTML from screen...
2025-05-28 19:36:26,798 - DEBUG - HTML length: 26802
2025-05-28 19:36:26,823 - INFO - Found actions area. Analyzing buttons...
2025-05-28 19:36:26,823 - INFO - Found 0 potential action elements.
2025-05-28 19:36:26,834 - INFO - Found actions area. Analyzing buttons...
2025-05-28 19:36:26,835 - INFO - Found 0 potential action elements.
2025-05-28 19:36:26,837 - INFO - Not my turn. My Hand: ['Q♥', '8♣']. Waiting...
2025-05-28 19:36:27,838 - INFO - 
--- New Decision Cycle ---
2025-05-28 19:36:27,839 - DEBUG - Attempting to retrieve game HTML from screen...
2025-05-28 19:36:29,213 - DEBUG - HTML length: 27800
2025-05-28 19:36:29,241 - INFO - Found actions area. Analyzing buttons...
2025-05-28 19:36:29,241 - INFO - Found 3 potential action elements.
2025-05-28 19:36:29,252 - INFO - Found actions area. Analyzing buttons...
2025-05-28 19:36:29,253 - INFO - Found 3 potential action elements.
2025-05-28 19:36:29,254 - INFO - My turn. Hand: ['Q♥', '8♣'], Rank: Q8 offsuit, Stack: €0.75
2025-05-28 19:36:29,255 - INFO - Pot: €0.03, Community Cards: []
2025-05-28 19:36:29,745 - INFO - Decision: FOLD
2025-05-28 19:36:36,203 - INFO - 
--- New Decision Cycle ---
2025-05-28 19:36:36,204 - DEBUG - Attempting to retrieve game HTML from screen...
2025-05-28 19:36:37,581 - DEBUG - HTML length: 23820
2025-05-28 19:36:37,602 - INFO - Found actions area. Analyzing buttons...
2025-05-28 19:36:37,603 - INFO - Found 0 potential action elements.
2025-05-28 19:36:37,612 - INFO - Found actions area. Analyzing buttons...
2025-05-28 19:36:37,613 - INFO - Found 0 potential action elements.
2025-05-28 19:36:37,614 - INFO - Not my turn. My Hand: ['Q♥', '8♣']. Waiting...
2025-05-28 19:36:38,615 - INFO - 
--- New Decision Cycle ---
2025-05-28 19:36:38,616 - DEBUG - Attempting to retrieve game HTML from screen...
2025-05-28 19:36:39,999 - DEBUG - HTML length: 24017
2025-05-28 19:36:40,026 - INFO - Found actions area. Analyzing buttons...
2025-05-28 19:36:40,026 - INFO - Found 0 potential action elements.
2025-05-28 19:36:40,039 - INFO - Found actions area. Analyzing buttons...
2025-05-28 19:36:40,039 - INFO - Found 0 potential action elements.
2025-05-28 19:36:40,041 - INFO - Not my turn. My Hand: ['Q♥', '8♣']. Waiting...
2025-05-28 19:36:41,042 - INFO - 
--- New Decision Cycle ---
2025-05-28 19:36:41,043 - DEBUG - Attempting to retrieve game HTML from screen...
2025-05-28 19:36:42,417 - DEBUG - HTML length: 27270
2025-05-28 19:36:42,436 - INFO - Found actions area. Analyzing buttons...
2025-05-28 19:36:42,436 - INFO - Found 3 potential action elements.
2025-05-28 19:36:42,446 - INFO - Found actions area. Analyzing buttons...
2025-05-28 19:36:42,447 - INFO - Found 3 potential action elements.
2025-05-28 19:36:42,448 - INFO - My turn. Hand: ['3♣', '2♣'], Rank: 32 suited, Stack: €0.75
2025-05-28 19:36:42,449 - INFO - Pot: €0.03, Community Cards: []
2025-05-28 19:36:42,961 - INFO - Decision: FOLD
2025-05-28 19:36:49,421 - INFO - 
--- New Decision Cycle ---
2025-05-28 19:36:49,423 - DEBUG - Attempting to retrieve game HTML from screen...
2025-05-28 19:36:50,799 - DEBUG - HTML length: 26139
2025-05-28 19:36:50,822 - INFO - Found actions area. Analyzing buttons...
2025-05-28 19:36:50,822 - INFO - Found 0 potential action elements.
2025-05-28 19:36:50,832 - INFO - Found actions area. Analyzing buttons...
2025-05-28 19:36:50,832 - INFO - Found 0 potential action elements.
2025-05-28 19:36:50,836 - INFO - Not my turn. My Hand: ['3♣', '2♣']. Waiting...
2025-05-28 19:36:51,837 - INFO - 
--- New Decision Cycle ---
2025-05-28 19:36:51,838 - DEBUG - Attempting to retrieve game HTML from screen...
2025-05-28 19:36:53,215 - DEBUG - HTML length: 26371
2025-05-28 19:36:53,244 - INFO - Found actions area. Analyzing buttons...
2025-05-28 19:36:53,245 - INFO - Found 0 potential action elements.
2025-05-28 19:36:53,259 - INFO - Found actions area. Analyzing buttons...
2025-05-28 19:36:53,260 - INFO - Found 0 potential action elements.
2025-05-28 19:36:53,262 - INFO - Not my turn. My Hand: ['3♣', '2♣']. Waiting...
2025-05-28 19:36:54,263 - INFO - 
--- New Decision Cycle ---
2025-05-28 19:36:54,264 - DEBUG - Attempting to retrieve game HTML from screen...
2025-05-28 19:36:55,648 - DEBUG - HTML length: 25643
2025-05-28 19:36:55,671 - INFO - Found actions area. Analyzing buttons...
2025-05-28 19:36:55,672 - INFO - Found 0 potential action elements.
2025-05-28 19:36:55,683 - INFO - Found actions area. Analyzing buttons...
2025-05-28 19:36:55,684 - INFO - Found 0 potential action elements.
2025-05-28 19:36:55,686 - INFO - Not my turn. My Hand: ['3♣', '2♣']. Waiting...
2025-05-28 19:36:56,687 - INFO - 
--- New Decision Cycle ---
2025-05-28 19:36:56,688 - DEBUG - Attempting to retrieve game HTML from screen...
2025-05-28 19:36:58,065 - DEBUG - HTML length: 24446
2025-05-28 19:36:58,096 - INFO - Found actions area. Analyzing buttons...
2025-05-28 19:36:58,097 - INFO - Found 0 potential action elements.
2025-05-28 19:36:58,108 - INFO - Found actions area. Analyzing buttons...
2025-05-28 19:36:58,109 - INFO - Found 0 potential action elements.
2025-05-28 19:36:58,110 - INFO - Not my turn. My Hand: ['3♣', '2♣']. Waiting...
2025-05-28 19:36:59,111 - INFO - 
--- New Decision Cycle ---
2025-05-28 19:36:59,112 - DEBUG - Attempting to retrieve game HTML from screen...
2025-05-28 19:37:00,498 - DEBUG - HTML length: 24987
2025-05-28 19:37:00,521 - INFO - Found actions area. Analyzing buttons...
2025-05-28 19:37:00,522 - INFO - Found 0 potential action elements.
2025-05-28 19:37:00,533 - INFO - Found actions area. Analyzing buttons...
2025-05-28 19:37:00,533 - INFO - Found 0 potential action elements.
2025-05-28 19:37:00,536 - INFO - Not my turn. My Hand: ['3♣', '2♣']. Waiting...
2025-05-28 19:37:01,537 - INFO - 
--- New Decision Cycle ---
2025-05-28 19:37:01,537 - DEBUG - Attempting to retrieve game HTML from screen...
2025-05-28 19:37:02,914 - DEBUG - HTML length: 24987
2025-05-28 19:37:02,935 - INFO - Found actions area. Analyzing buttons...
2025-05-28 19:37:02,935 - INFO - Found 0 potential action elements.
2025-05-28 19:37:02,950 - INFO - Found actions area. Analyzing buttons...
2025-05-28 19:37:02,951 - INFO - Found 0 potential action elements.
2025-05-28 19:37:02,954 - INFO - Not my turn. My Hand: ['3♣', '2♣']. Waiting...
2025-05-28 19:37:03,955 - INFO - 
--- New Decision Cycle ---
2025-05-28 19:37:03,956 - DEBUG - Attempting to retrieve game HTML from screen...
2025-05-28 19:37:05,335 - DEBUG - HTML length: 24522
2025-05-28 19:37:05,358 - INFO - Found actions area. Analyzing buttons...
2025-05-28 19:37:05,360 - INFO - Found 0 potential action elements.
2025-05-28 19:37:05,374 - INFO - Found actions area. Analyzing buttons...
2025-05-28 19:37:05,375 - INFO - Found 0 potential action elements.
2025-05-28 19:37:05,377 - INFO - Not my turn. My Hand: ['3♣', '2♣']. Waiting...
2025-05-28 19:37:06,379 - INFO - 
--- New Decision Cycle ---
2025-05-28 19:37:06,380 - DEBUG - Attempting to retrieve game HTML from screen...
2025-05-28 19:37:07,767 - DEBUG - HTML length: 24021
2025-05-28 19:37:07,792 - INFO - Found actions area. Analyzing buttons...
2025-05-28 19:37:07,793 - INFO - Found 0 potential action elements.
2025-05-28 19:37:07,808 - INFO - Found actions area. Analyzing buttons...
2025-05-28 19:37:07,809 - INFO - Found 0 potential action elements.
2025-05-28 19:37:07,811 - INFO - Not my turn. My Hand: ['3♣', '2♣']. Waiting...
2025-05-28 19:37:08,812 - INFO - 
--- New Decision Cycle ---
2025-05-28 19:37:08,812 - DEBUG - Attempting to retrieve game HTML from screen...
2025-05-28 19:37:10,181 - DEBUG - HTML length: 26203
2025-05-28 19:37:10,201 - INFO - Found actions area. Analyzing buttons...
2025-05-28 19:37:10,202 - INFO - Found 0 potential action elements.
2025-05-28 19:37:10,212 - INFO - Found actions area. Analyzing buttons...
2025-05-28 19:37:10,212 - INFO - Found 0 potential action elements.
2025-05-28 19:37:10,213 - INFO - Not my turn. My Hand: ['J♦', 'J♥']. Waiting...
2025-05-28 19:37:11,215 - INFO - 
--- New Decision Cycle ---
2025-05-28 19:37:11,215 - DEBUG - Attempting to retrieve game HTML from screen...
2025-05-28 19:37:12,599 - DEBUG - HTML length: 26857
2025-05-28 19:37:12,628 - INFO - Found actions area. Analyzing buttons...
2025-05-28 19:37:12,628 - INFO - Found 0 potential action elements.
2025-05-28 19:37:12,639 - INFO - Found actions area. Analyzing buttons...
2025-05-28 19:37:12,640 - INFO - Found 0 potential action elements.
2025-05-28 19:37:12,641 - INFO - Not my turn. My Hand: ['J♦', 'J♥']. Waiting...
2025-05-28 19:37:13,642 - INFO - 
--- New Decision Cycle ---
2025-05-28 19:37:13,643 - DEBUG - Attempting to retrieve game HTML from screen...
2025-05-28 19:37:15,015 - DEBUG - HTML length: 27047
2025-05-28 19:37:15,040 - INFO - Found actions area. Analyzing buttons...
2025-05-28 19:37:15,041 - INFO - Found 0 potential action elements.
2025-05-28 19:37:15,052 - INFO - Found actions area. Analyzing buttons...
2025-05-28 19:37:15,053 - INFO - Found 0 potential action elements.
2025-05-28 19:37:15,054 - INFO - Not my turn. My Hand: ['J♦', 'J♥']. Waiting...
2025-05-28 19:37:16,056 - INFO - 
--- New Decision Cycle ---
2025-05-28 19:37:16,056 - DEBUG - Attempting to retrieve game HTML from screen...
2025-05-28 19:37:17,431 - DEBUG - HTML length: 25673
2025-05-28 19:37:17,456 - INFO - Found actions area. Analyzing buttons...
2025-05-28 19:37:17,457 - INFO - Found 0 potential action elements.
2025-05-28 19:37:17,466 - INFO - Found actions area. Analyzing buttons...
2025-05-28 19:37:17,467 - INFO - Found 0 potential action elements.
2025-05-28 19:37:17,470 - INFO - Not my turn. My Hand: ['J♦', 'J♥']. Waiting...
2025-05-28 19:37:18,471 - INFO - 
--- New Decision Cycle ---
2025-05-28 19:37:18,472 - DEBUG - Attempting to retrieve game HTML from screen...
2025-05-28 19:37:19,847 - DEBUG - HTML length: 24554
2025-05-28 19:37:19,871 - INFO - Found actions area. Analyzing buttons...
2025-05-28 19:37:19,872 - INFO - Found 0 potential action elements.
2025-05-28 19:37:19,881 - INFO - Found actions area. Analyzing buttons...
2025-05-28 19:37:19,882 - INFO - Found 0 potential action elements.
2025-05-28 19:37:19,883 - INFO - Not my turn. My Hand: ['J♦', 'J♥']. Waiting...
2025-05-28 19:37:20,884 - INFO - 
--- New Decision Cycle ---
2025-05-28 19:37:20,886 - DEBUG - Attempting to retrieve game HTML from screen...
2025-05-28 19:37:22,267 - DEBUG - HTML length: 26694
2025-05-28 19:37:22,298 - INFO - Found actions area. Analyzing buttons...
2025-05-28 19:37:22,298 - INFO - Found 3 potential action elements.
2025-05-28 19:37:22,311 - INFO - Found actions area. Analyzing buttons...
2025-05-28 19:37:22,311 - INFO - Found 3 potential action elements.
2025-05-28 19:37:22,313 - INFO - My turn. Hand: ['J♦', 'J♥'], Rank: Pair of Js, Stack: €0.73
2025-05-28 19:37:22,314 - INFO - Pot: €0.15, Community Cards: []
2025-05-28 19:37:22,824 - INFO - Decision: CALL Amount: 0.04
2025-05-28 19:37:29,287 - INFO - 
--- New Decision Cycle ---
2025-05-28 19:37:29,288 - DEBUG - Attempting to retrieve game HTML from screen...
2025-05-28 19:37:30,665 - DEBUG - HTML length: 27151
2025-05-28 19:37:30,696 - INFO - Found actions area. Analyzing buttons...
2025-05-28 19:37:30,696 - INFO - Found 3 potential action elements.
2025-05-28 19:37:30,708 - INFO - Found actions area. Analyzing buttons...
2025-05-28 19:37:30,709 - INFO - Found 3 potential action elements.
2025-05-28 19:37:30,710 - INFO - My turn. Hand: ['J♦', 'J♥'], Rank: Two Pair, Js and 2s, Stack: €0.69
2025-05-28 19:37:30,711 - INFO - Pot: €0.19, Community Cards: ['2♦', '2♥', '6♣']
2025-05-28 19:37:31,209 - INFO - Decision: CHECK Amount: 0
2025-05-28 19:37:37,673 - INFO - 
--- New Decision Cycle ---
2025-05-28 19:37:37,673 - DEBUG - Attempting to retrieve game HTML from screen...
2025-05-28 19:37:39,049 - DEBUG - HTML length: 26724
2025-05-28 19:37:39,075 - INFO - Found actions area. Analyzing buttons...
2025-05-28 19:37:39,076 - INFO - Found 3 potential action elements.
2025-05-28 19:37:39,088 - INFO - Found actions area. Analyzing buttons...
2025-05-28 19:37:39,088 - INFO - Found 3 potential action elements.
2025-05-28 19:37:39,090 - INFO - My turn. Hand: ['J♦', 'J♥'], Rank: Two Pair, Js and 2s, Stack: €0.69
2025-05-28 19:37:39,090 - INFO - Pot: €0.28, Community Cards: ['2♦', '2♥', '6♣']
2025-05-28 19:37:39,581 - INFO - Decision: FOLD
2025-05-28 19:37:46,056 - INFO - 
--- New Decision Cycle ---
2025-05-28 19:37:46,056 - DEBUG - Attempting to retrieve game HTML from screen...
2025-05-28 19:37:47,436 - DEBUG - HTML length: 26811
2025-05-28 19:37:47,459 - INFO - Found actions area. Analyzing buttons...
2025-05-28 19:37:47,460 - INFO - Found 0 potential action elements.
2025-05-28 19:37:47,474 - INFO - Found actions area. Analyzing buttons...
2025-05-28 19:37:47,474 - INFO - Found 0 potential action elements.
2025-05-28 19:37:47,476 - INFO - Not my turn. My Hand: ['J♦', 'A♥']. Waiting...
2025-05-28 19:37:48,477 - INFO - 
--- New Decision Cycle ---
2025-05-28 19:37:48,478 - DEBUG - Attempting to retrieve game HTML from screen...
2025-05-28 19:37:49,850 - DEBUG - HTML length: 26176
2025-05-28 19:37:49,877 - INFO - Found actions area. Analyzing buttons...
2025-05-28 19:37:49,878 - INFO - Found 0 potential action elements.
2025-05-28 19:37:49,890 - INFO - Found actions area. Analyzing buttons...
2025-05-28 19:37:49,890 - INFO - Found 0 potential action elements.
2025-05-28 19:37:49,892 - INFO - Not my turn. My Hand: ['J♦', 'A♥']. Waiting...
2025-05-28 19:37:50,893 - INFO - 
--- New Decision Cycle ---
2025-05-28 19:37:50,894 - DEBUG - Attempting to retrieve game HTML from screen...
2025-05-28 19:37:52,265 - DEBUG - HTML length: 26176
2025-05-28 19:37:52,290 - INFO - Found actions area. Analyzing buttons...
2025-05-28 19:37:52,291 - INFO - Found 0 potential action elements.
2025-05-28 19:37:52,300 - INFO - Found actions area. Analyzing buttons...
2025-05-28 19:37:52,300 - INFO - Found 0 potential action elements.
2025-05-28 19:37:52,302 - INFO - Not my turn. My Hand: ['J♦', 'A♥']. Waiting...
2025-05-28 19:37:53,303 - INFO - 
--- New Decision Cycle ---
2025-05-28 19:37:53,304 - DEBUG - Attempting to retrieve game HTML from screen...
2025-05-28 19:37:54,682 - DEBUG - HTML length: 25536
2025-05-28 19:37:54,717 - INFO - Found actions area. Analyzing buttons...
2025-05-28 19:37:54,718 - INFO - Found 0 potential action elements.
2025-05-28 19:37:54,732 - INFO - Found actions area. Analyzing buttons...
2025-05-28 19:37:54,732 - INFO - Found 0 potential action elements.
2025-05-28 19:37:54,734 - INFO - Not my turn. My Hand: ['J♦', 'A♥']. Waiting...
2025-05-28 19:37:55,735 - INFO - 
--- New Decision Cycle ---
2025-05-28 19:37:55,736 - DEBUG - Attempting to retrieve game HTML from screen...
2025-05-28 19:37:57,116 - DEBUG - HTML length: 24880
2025-05-28 19:37:57,142 - INFO - Found actions area. Analyzing buttons...
2025-05-28 19:37:57,143 - INFO - Found 0 potential action elements.
2025-05-28 19:37:57,151 - INFO - Found actions area. Analyzing buttons...
2025-05-28 19:37:57,152 - INFO - Found 0 potential action elements.
2025-05-28 19:37:57,154 - INFO - Not my turn. My Hand: ['J♦', 'A♥']. Waiting...
2025-05-28 19:37:58,155 - INFO - 
--- New Decision Cycle ---
2025-05-28 19:37:58,156 - DEBUG - Attempting to retrieve game HTML from screen...
2025-05-28 19:37:59,534 - DEBUG - HTML length: 26807
2025-05-28 19:37:59,556 - INFO - Found actions area. Analyzing buttons...
2025-05-28 19:37:59,557 - INFO - Found 3 potential action elements.
2025-05-28 19:37:59,566 - INFO - Found actions area. Analyzing buttons...
2025-05-28 19:37:59,567 - INFO - Found 3 potential action elements.
2025-05-28 19:37:59,568 - INFO - My turn. Hand: ['J♦', 'A♥'], Rank: AJ offsuit, Stack: €0.68
2025-05-28 19:37:59,569 - INFO - Pot: €0.08, Community Cards: []
2025-05-28 19:38:00,087 - INFO - Decision: FOLD
2025-05-28 19:38:06,556 - INFO - 
--- New Decision Cycle ---
2025-05-28 19:38:06,557 - DEBUG - Attempting to retrieve game HTML from screen...
2025-05-28 19:38:07,935 - DEBUG - HTML length: 24992
2025-05-28 19:38:07,959 - INFO - Found actions area. Analyzing buttons...
2025-05-28 19:38:07,960 - INFO - Found 0 potential action elements.
2025-05-28 19:38:07,969 - INFO - Found actions area. Analyzing buttons...
2025-05-28 19:38:07,969 - INFO - Found 0 potential action elements.
2025-05-28 19:38:07,973 - INFO - Not my turn. My Hand: ['J♦', 'A♥']. Waiting...
2025-05-28 19:38:08,975 - INFO - 
--- New Decision Cycle ---
2025-05-28 19:38:08,975 - DEBUG - Attempting to retrieve game HTML from screen...
2025-05-28 19:38:10,351 - DEBUG - HTML length: 23714
2025-05-28 19:38:10,378 - INFO - Found actions area. Analyzing buttons...
2025-05-28 19:38:10,380 - INFO - Found 0 potential action elements.
2025-05-28 19:38:10,393 - INFO - Found actions area. Analyzing buttons...
2025-05-28 19:38:10,394 - INFO - Found 0 potential action elements.
2025-05-28 19:38:10,396 - INFO - Not my turn. My Hand: ['J♦', 'A♥']. Waiting...
2025-05-28 19:38:11,397 - INFO - 
--- New Decision Cycle ---
2025-05-28 19:38:11,398 - DEBUG - Attempting to retrieve game HTML from screen...
2025-05-28 19:38:12,787 - DEBUG - HTML length: 22832
2025-05-28 19:38:12,858 - INFO - Found actions area. Analyzing buttons...
2025-05-28 19:38:12,859 - INFO - Found 0 potential action elements.
2025-05-28 19:38:12,867 - INFO - Found actions area. Analyzing buttons...
2025-05-28 19:38:12,868 - INFO - Found 0 potential action elements.
2025-05-28 19:38:12,868 - INFO - Not my turn. My Hand: ['3♥', '4♣']. Waiting...
2025-05-28 19:38:13,870 - INFO - 
--- New Decision Cycle ---
2025-05-28 19:38:13,871 - DEBUG - Attempting to retrieve game HTML from screen...
2025-05-28 19:38:15,250 - DEBUG - HTML length: 23139
2025-05-28 19:38:15,276 - INFO - Found actions area. Analyzing buttons...
2025-05-28 19:38:15,277 - INFO - Found 0 potential action elements.
2025-05-28 19:38:15,285 - INFO - Found actions area. Analyzing buttons...
2025-05-28 19:38:15,286 - INFO - Found 0 potential action elements.
2025-05-28 19:38:15,287 - INFO - Not my turn. My Hand: ['3♥', '4♣']. Waiting...
2025-05-28 19:38:16,289 - INFO - 
--- New Decision Cycle ---
2025-05-28 19:38:16,290 - DEBUG - Attempting to retrieve game HTML from screen...
2025-05-28 19:38:17,666 - DEBUG - HTML length: 21958
2025-05-28 19:38:17,685 - INFO - Found actions area. Analyzing buttons...
2025-05-28 19:38:17,686 - INFO - Found 0 potential action elements.
2025-05-28 19:38:17,696 - INFO - Found actions area. Analyzing buttons...
2025-05-28 19:38:17,697 - INFO - Found 0 potential action elements.
2025-05-28 19:38:17,698 - INFO - Not my turn. My Hand: ['3♥', '4♣']. Waiting...
2025-05-28 19:38:18,699 - INFO - 
--- New Decision Cycle ---
2025-05-28 19:38:18,700 - DEBUG - Attempting to retrieve game HTML from screen...
2025-05-28 19:38:20,084 - DEBUG - HTML length: 24140
2025-05-28 19:38:20,107 - INFO - Found actions area. Analyzing buttons...
2025-05-28 19:38:20,108 - INFO - Found 3 potential action elements.
2025-05-28 19:38:20,116 - INFO - Found actions area. Analyzing buttons...
2025-05-28 19:38:20,116 - INFO - Found 3 potential action elements.
2025-05-28 19:38:20,118 - INFO - My turn. Hand: ['3♥', '4♣'], Rank: 43 offsuit, Stack: €0.68
2025-05-28 19:38:20,118 - INFO - Pot: €0.03, Community Cards: []
2025-05-28 19:38:20,553 - INFO - Decision: FOLD
2025-05-28 19:38:27,023 - INFO - 
--- New Decision Cycle ---
2025-05-28 19:38:27,024 - DEBUG - Attempting to retrieve game HTML from screen...
2025-05-28 19:38:28,402 - DEBUG - HTML length: 23277
2025-05-28 19:38:28,427 - INFO - Found actions area. Analyzing buttons...
2025-05-28 19:38:28,428 - INFO - Found 0 potential action elements.
2025-05-28 19:38:28,436 - INFO - Found actions area. Analyzing buttons...
2025-05-28 19:38:28,437 - INFO - Found 0 potential action elements.
2025-05-28 19:38:28,439 - INFO - Not my turn. My Hand: ['Q♥', '5♣']. Waiting...
2025-05-28 19:38:29,440 - INFO - 
--- New Decision Cycle ---
2025-05-28 19:38:29,441 - DEBUG - Attempting to retrieve game HTML from screen...
2025-05-28 19:38:31,458 - DEBUG - HTML length: 23791
2025-05-28 19:38:31,475 - INFO - Found actions area. Analyzing buttons...
2025-05-28 19:38:31,476 - INFO - Found 0 potential action elements.
2025-05-28 19:38:31,484 - INFO - Found actions area. Analyzing buttons...
2025-05-28 19:38:31,484 - INFO - Found 0 potential action elements.
2025-05-28 19:38:31,486 - INFO - Not my turn. My Hand: ['Q♥', '5♣']. Waiting...
2025-05-28 19:38:32,487 - INFO - 
--- New Decision Cycle ---
2025-05-28 19:38:32,488 - DEBUG - Attempting to retrieve game HTML from screen...
2025-05-28 19:38:33,854 - DEBUG - HTML length: 23791
2025-05-28 19:38:33,871 - INFO - Found actions area. Analyzing buttons...
2025-05-28 19:38:33,871 - INFO - Found 0 potential action elements.
2025-05-28 19:38:33,878 - INFO - Found actions area. Analyzing buttons...
2025-05-28 19:38:33,879 - INFO - Found 0 potential action elements.
2025-05-28 19:38:33,880 - INFO - Not my turn. My Hand: ['Q♥', '5♣']. Waiting...
2025-05-28 19:38:34,880 - INFO - 
--- New Decision Cycle ---
2025-05-28 19:38:34,881 - DEBUG - Attempting to retrieve game HTML from screen...
2025-05-28 19:38:36,249 - DEBUG - HTML length: 25700
2025-05-28 19:38:36,265 - INFO - Found actions area. Analyzing buttons...
2025-05-28 19:38:36,265 - INFO - Found 3 potential action elements.
2025-05-28 19:38:36,274 - INFO - Found actions area. Analyzing buttons...
2025-05-28 19:38:36,274 - INFO - Found 3 potential action elements.
2025-05-28 19:38:36,275 - INFO - My turn. Hand: ['Q♥', '5♣'], Rank: Q5 offsuit, Stack: €0.68
2025-05-28 19:38:36,276 - INFO - Pot: €0.08, Community Cards: []
2025-05-28 19:38:36,562 - INFO - Decision: FOLD
2025-05-28 19:38:43,021 - INFO - 
--- New Decision Cycle ---
2025-05-28 19:38:43,022 - DEBUG - Attempting to retrieve game HTML from screen...
2025-05-28 19:38:44,388 - DEBUG - HTML length: 25723
2025-05-28 19:38:44,406 - INFO - Found actions area. Analyzing buttons...
2025-05-28 19:38:44,406 - INFO - Found 0 potential action elements.
2025-05-28 19:38:44,414 - INFO - Found actions area. Analyzing buttons...
2025-05-28 19:38:44,414 - INFO - Found 0 potential action elements.
2025-05-28 19:38:44,415 - INFO - Not my turn. My Hand: ['Q♥', '5♣']. Waiting...
2025-05-28 19:38:45,416 - INFO - 
--- New Decision Cycle ---
2025-05-28 19:38:45,417 - DEBUG - Attempting to retrieve game HTML from screen...
2025-05-28 19:38:46,785 - DEBUG - HTML length: 25628
2025-05-28 19:38:46,801 - INFO - Found actions area. Analyzing buttons...
2025-05-28 19:38:46,801 - INFO - Found 0 potential action elements.
2025-05-28 19:38:46,810 - INFO - Found actions area. Analyzing buttons...
2025-05-28 19:38:46,811 - INFO - Found 0 potential action elements.
2025-05-28 19:38:46,812 - INFO - Not my turn. My Hand: ['Q♥', '5♣']. Waiting...
2025-05-28 19:38:47,813 - INFO - 
--- New Decision Cycle ---
2025-05-28 19:38:47,814 - DEBUG - Attempting to retrieve game HTML from screen...
2025-05-28 19:38:49,180 - DEBUG - HTML length: 25536
2025-05-28 19:38:49,195 - INFO - Found actions area. Analyzing buttons...
2025-05-28 19:38:49,195 - INFO - Found 0 potential action elements.
2025-05-28 19:38:49,205 - INFO - Found actions area. Analyzing buttons...
2025-05-28 19:38:49,206 - INFO - Found 0 potential action elements.
2025-05-28 19:38:49,207 - INFO - Not my turn. My Hand: ['Q♥', '5♣']. Waiting...
2025-05-28 19:38:50,208 - INFO - 
--- New Decision Cycle ---
2025-05-28 19:38:50,209 - DEBUG - Attempting to retrieve game HTML from screen...
2025-05-28 19:38:51,576 - DEBUG - HTML length: 25604
2025-05-28 19:38:51,600 - INFO - Found actions area. Analyzing buttons...
2025-05-28 19:38:51,600 - INFO - Found 0 potential action elements.
2025-05-28 19:38:51,609 - INFO - Found actions area. Analyzing buttons...
2025-05-28 19:38:51,610 - INFO - Found 0 potential action elements.
2025-05-28 19:38:51,612 - INFO - Not my turn. My Hand: ['Q♥', '5♣']. Waiting...
2025-05-28 19:38:52,613 - INFO - 
--- New Decision Cycle ---
2025-05-28 19:38:52,613 - DEBUG - Attempting to retrieve game HTML from screen...
2025-05-28 19:38:53,983 - DEBUG - HTML length: 24699
2025-05-28 19:38:54,000 - INFO - Found actions area. Analyzing buttons...
2025-05-28 19:38:54,000 - INFO - Found 0 potential action elements.
2025-05-28 19:38:54,010 - INFO - Found actions area. Analyzing buttons...
2025-05-28 19:38:54,011 - INFO - Found 0 potential action elements.
2025-05-28 19:38:54,012 - INFO - Not my turn. My Hand: ['Q♥', '5♣']. Waiting...
2025-05-28 19:38:55,013 - INFO - 
--- New Decision Cycle ---
2025-05-28 19:38:55,013 - DEBUG - Attempting to retrieve game HTML from screen...
2025-05-28 19:38:56,382 - DEBUG - HTML length: 22429
2025-05-28 19:38:56,395 - INFO - Found actions area. Analyzing buttons...
2025-05-28 19:38:56,395 - INFO - Found 0 potential action elements.
2025-05-28 19:38:56,403 - INFO - Found actions area. Analyzing buttons...
2025-05-28 19:38:56,403 - INFO - Found 0 potential action elements.
2025-05-28 19:38:56,404 - INFO - Not my turn. My Hand: ['7♥', 'A♣']. Waiting...
2025-05-28 19:38:57,405 - INFO - 
--- New Decision Cycle ---
2025-05-28 19:38:57,405 - DEBUG - Attempting to retrieve game HTML from screen...
2025-05-28 19:38:58,774 - DEBUG - HTML length: 22543
2025-05-28 19:38:58,787 - INFO - Found actions area. Analyzing buttons...
2025-05-28 19:38:58,788 - INFO - Found 0 potential action elements.
2025-05-28 19:38:58,797 - INFO - Found actions area. Analyzing buttons...
2025-05-28 19:38:58,797 - INFO - Found 0 potential action elements.
2025-05-28 19:38:58,798 - INFO - Not my turn. My Hand: ['7♥', 'A♣']. Waiting...
2025-05-28 19:38:59,799 - INFO - 
--- New Decision Cycle ---
2025-05-28 19:38:59,800 - DEBUG - Attempting to retrieve game HTML from screen...
2025-05-28 19:39:01,167 - DEBUG - HTML length: 22543
2025-05-28 19:39:01,182 - INFO - Found actions area. Analyzing buttons...
2025-05-28 19:39:01,182 - INFO - Found 0 potential action elements.
2025-05-28 19:39:01,190 - INFO - Found actions area. Analyzing buttons...
2025-05-28 19:39:01,190 - INFO - Found 0 potential action elements.
2025-05-28 19:39:01,191 - INFO - Not my turn. My Hand: ['7♥', 'A♣']. Waiting...
2025-05-28 19:39:02,192 - INFO - 
--- New Decision Cycle ---
2025-05-28 19:39:02,193 - DEBUG - Attempting to retrieve game HTML from screen...
2025-05-28 19:39:03,560 - DEBUG - HTML length: 22647
2025-05-28 19:39:03,577 - INFO - Found actions area. Analyzing buttons...
2025-05-28 19:39:03,577 - INFO - Found 0 potential action elements.
2025-05-28 19:39:03,585 - INFO - Found actions area. Analyzing buttons...
2025-05-28 19:39:03,585 - INFO - Found 0 potential action elements.
2025-05-28 19:39:03,587 - INFO - Not my turn. My Hand: ['7♥', 'A♣']. Waiting...
2025-05-28 19:39:04,587 - INFO - 
--- New Decision Cycle ---
2025-05-28 19:39:04,588 - DEBUG - Attempting to retrieve game HTML from screen...
2025-05-28 19:39:05,955 - DEBUG - HTML length: 23676
2025-05-28 19:39:05,971 - INFO - Found actions area. Analyzing buttons...
2025-05-28 19:39:05,971 - INFO - Found 3 potential action elements.
2025-05-28 19:39:05,978 - INFO - Found actions area. Analyzing buttons...
2025-05-28 19:39:05,978 - INFO - Found 3 potential action elements.
2025-05-28 19:39:05,979 - INFO - My turn. Hand: ['7♥', 'A♣'], Rank: A7 offsuit, Stack: €0.66
2025-05-28 19:39:05,980 - INFO - Pot: €0.08, Community Cards: []
2025-05-28 19:39:06,317 - INFO - Decision: CALL Amount: 0.03
2025-05-28 19:39:12,776 - INFO - 
--- New Decision Cycle ---
2025-05-28 19:39:12,776 - DEBUG - Attempting to retrieve game HTML from screen...
2025-05-28 19:39:14,144 - DEBUG - HTML length: 26392
2025-05-28 19:39:14,160 - INFO - Found actions area. Analyzing buttons...
2025-05-28 19:39:14,161 - INFO - Found 3 potential action elements.
2025-05-28 19:39:14,168 - INFO - Found actions area. Analyzing buttons...
2025-05-28 19:39:14,169 - INFO - Found 3 potential action elements.
2025-05-28 19:39:14,170 - INFO - My turn. Hand: ['7♥', 'A♣'], Rank: One Pair, 7s, Stack: €0.63
2025-05-28 19:39:14,170 - INFO - Pot: €0.11, Community Cards: ['7♠', '5♥', '3♦']
2025-05-28 19:39:14,559 - INFO - Decision: CHECK Amount: 0
2025-05-28 19:39:21,018 - INFO - 
--- New Decision Cycle ---
2025-05-28 19:39:21,019 - DEBUG - Attempting to retrieve game HTML from screen...
2025-05-28 19:39:22,385 - DEBUG - HTML length: 26698
2025-05-28 19:39:22,403 - INFO - Found actions area. Analyzing buttons...
2025-05-28 19:39:22,404 - INFO - Found 3 potential action elements.
2025-05-28 19:39:22,412 - INFO - Found actions area. Analyzing buttons...
2025-05-28 19:39:22,413 - INFO - Found 3 potential action elements.
2025-05-28 19:39:22,414 - INFO - My turn. Hand: ['7♥', 'A♣'], Rank: One Pair, 7s, Stack: €0.63
2025-05-28 19:39:22,415 - INFO - Pot: €0.11, Community Cards: ['7♠', '5♥', '3♦', 'K♦']
2025-05-28 19:39:22,799 - INFO - Decision: CHECK Amount: 0
2025-05-28 19:39:29,261 - INFO - 
--- New Decision Cycle ---
2025-05-28 19:39:29,262 - DEBUG - Attempting to retrieve game HTML from screen...
2025-05-28 19:39:30,632 - DEBUG - HTML length: 27015
2025-05-28 19:39:30,651 - INFO - Found actions area. Analyzing buttons...
2025-05-28 19:39:30,651 - INFO - Found 3 potential action elements.
2025-05-28 19:39:30,660 - INFO - Found actions area. Analyzing buttons...
2025-05-28 19:39:30,660 - INFO - Found 3 potential action elements.
2025-05-28 19:39:30,662 - INFO - My turn. Hand: ['7♥', 'A♣'], Rank: One Pair, 7s, Stack: €0.63
2025-05-28 19:39:30,663 - INFO - Pot: €0.15, Community Cards: ['7♠', '5♥', '3♦', 'K♦']
2025-05-28 19:39:31,061 - INFO - Decision: FOLD
2025-05-28 19:39:37,518 - INFO - 
--- New Decision Cycle ---
2025-05-28 19:39:37,519 - DEBUG - Attempting to retrieve game HTML from screen...
2025-05-28 19:39:38,885 - DEBUG - HTML length: 24271
2025-05-28 19:39:38,911 - INFO - Found actions area. Analyzing buttons...
2025-05-28 19:39:38,911 - INFO - Found 0 potential action elements.
2025-05-28 19:39:38,917 - INFO - Found actions area. Analyzing buttons...
2025-05-28 19:39:38,918 - INFO - Found 0 potential action elements.
2025-05-28 19:39:38,918 - INFO - Not my turn. My Hand: ['4♦', '6♦']. Waiting...
2025-05-28 19:39:39,599 - INFO - PokerBot stopped by user.
