2025-06-03 13:34:24,429 - improved_position_calculator - INFO - Starting improved position assignment with dealer seat: 1
2025-06-03 13:34:24,429 - improved_position_calculator - INFO - Active players (5 total):
2025-06-03 13:34:24,429 - improved_position_calculator - INFO -   0: Seat 1, Name: Player1
2025-06-03 13:34:24,430 - improved_position_calculator - INFO -   1: Seat 2, Name: Player2
2025-06-03 13:34:24,430 - improved_position_calculator - INFO -   2: Seat 4, Name: MyPlayer
2025-06-03 13:34:24,430 - improved_position_calculator - INFO -   3: Seat 5, Name: Player5
2025-06-03 13:34:24,430 - improved_position_calculator - INFO -   4: Seat 6, Name: Player6
2025-06-03 13:34:24,432 - improved_position_calculator - INFO - Dealer found at index 0
2025-06-03 13:34:24,432 - improved_position_calculator - INFO - Standard: Seat 1 = BTN
2025-06-03 13:34:24,433 - improved_position_calculator - INFO - Standard: Seat 2 = SB
2025-06-03 13:34:24,433 - improved_position_calculator - INFO - Standard: Seat 4 = BB
2025-06-03 13:34:24,433 - improved_position_calculator - INFO - Standard: Seat 5 = UTG
2025-06-03 13:34:24,433 - improved_position_calculator - INFO - 5-handed: Seat 6 = CO
2025-06-03 13:34:24,433 - improved_position_calculator - INFO - Final positions:
2025-06-03 13:34:24,433 - improved_position_calculator - INFO -   Seat 1: BTN 
2025-06-03 13:34:24,434 - improved_position_calculator - INFO -   Seat 2: SB 
2025-06-03 13:34:24,434 - improved_position_calculator - INFO -   Seat 4: BB MY PLAYER
2025-06-03 13:34:24,434 - improved_position_calculator - INFO -   Seat 5: UTG 
2025-06-03 13:34:24,434 - improved_position_calculator - INFO -   Seat 6: CO 
2025-06-03 13:34:24,435 - improved_position_calculator - INFO - Starting improved position assignment with dealer seat: 4
2025-06-03 13:34:24,435 - improved_position_calculator - INFO - Active players (5 total):
2025-06-03 13:34:24,435 - improved_position_calculator - INFO -   0: Seat 1, Name: Player1
2025-06-03 13:34:24,435 - improved_position_calculator - INFO -   1: Seat 2, Name: Player2
2025-06-03 13:34:24,435 - improved_position_calculator - INFO -   2: Seat 4, Name: MyPlayer
2025-06-03 13:34:24,435 - improved_position_calculator - INFO -   3: Seat 5, Name: Player5
2025-06-03 13:34:24,435 - improved_position_calculator - INFO -   4: Seat 6, Name: Player6
2025-06-03 13:34:24,435 - improved_position_calculator - INFO - Dealer found at index 2
2025-06-03 13:34:24,435 - improved_position_calculator - INFO - Standard: Seat 4 = BTN
2025-06-03 13:34:24,435 - improved_position_calculator - INFO - Standard: Seat 5 = SB
2025-06-03 13:34:24,435 - improved_position_calculator - INFO - Standard: Seat 6 = BB
2025-06-03 13:34:24,436 - improved_position_calculator - INFO - Standard: Seat 1 = UTG
2025-06-03 13:34:24,436 - improved_position_calculator - INFO - 5-handed: Seat 2 = CO
2025-06-03 13:34:24,436 - improved_position_calculator - INFO - Final positions:
2025-06-03 13:34:24,436 - improved_position_calculator - INFO -   Seat 1: UTG 
2025-06-03 13:34:24,436 - improved_position_calculator - INFO -   Seat 2: CO 
2025-06-03 13:34:24,436 - improved_position_calculator - INFO -   Seat 4: BTN MY PLAYER
2025-06-03 13:34:24,436 - improved_position_calculator - INFO -   Seat 5: SB 
2025-06-03 13:34:24,436 - improved_position_calculator - INFO -   Seat 6: BB 
